<?xml version="1.0" encoding="UTF-8"?>
<coverage generated="1780005926051" clover="3.2.0">
  <project timestamp="1780005926052" name="All files">
    <metrics statements="1052" coveredstatements="922" conditionals="401" coveredconditionals="317" methods="63" coveredmethods="60" elements="1516" coveredelements="1299" complexity="0" loc="1052" ncloc="1052" packages="2" files="9" classes="9"/>
    <package name="parser">
      <metrics statements="250" coveredstatements="230" conditionals="104" coveredconditionals="92" methods="14" coveredmethods="12"/>
      <file name="brad-enrichment.ts" path="/Users/zee/Documents/Vibe Coding/ACOS 3.0/apps/visual-composer/src/parser/brad-enrichment.ts">
        <metrics statements="28" coveredstatements="22" conditionals="14" coveredconditionals="14" methods="3" coveredmethods="2"/>
        <line num="1" count="1" type="stmt"/>
        <line num="66" count="1" type="cond" truecount="1" falsecount="0"/>
        <line num="67" count="86" type="stmt"/>
        <line num="68" count="86" type="stmt"/>
        <line num="69" count="86" type="stmt"/>
        <line num="73" count="86" type="cond" truecount="2" falsecount="0"/>
        <line num="79" count="77" type="cond" truecount="1" falsecount="0"/>
        <line num="80" count="1113" type="stmt"/>
        <line num="81" count="1113" type="cond" truecount="4" falsecount="0"/>
        <line num="83" count="977" type="stmt"/>
        <line num="84" count="1078" type="cond" truecount="2" falsecount="0"/>
        <line num="89" count="882" type="stmt"/>
        <line num="90" count="77" type="stmt"/>
        <line num="91" count="77" type="stmt"/>
        <line num="104" count="977" type="cond" truecount="1" falsecount="0"/>
        <line num="110" count="977" type="stmt"/>
        <line num="112" count="977" type="cond" truecount="1" falsecount="0"/>
        <line num="117" count="8045" type="cond" truecount="1" falsecount="0"/>
        <line num="118" count="8045" type="cond" truecount="1" falsecount="0"/>
        <line num="120" count="95" type="stmt"/>
        <line num="121" count="95" type="stmt"/>
        <line num="130" count="1" type="stmt"/>
        <line num="131" count="0" type="stmt"/>
        <line num="132" count="0" type="stmt"/>
        <line num="133" count="0" type="stmt"/>
        <line num="134" count="0" type="stmt"/>
        <line num="135" count="0" type="stmt"/>
        <line num="136" count="0" type="stmt"/>
      </file>
      <file name="brad-taxonomy.ts" path="/Users/zee/Documents/Vibe Coding/ACOS 3.0/apps/visual-composer/src/parser/brad-taxonomy.ts">
        <metrics statements="29" coveredstatements="29" conditionals="0" coveredconditionals="0" methods="0" coveredmethods="0"/>
        <line num="22" count="1" type="stmt"/>
        <line num="23" count="1" type="stmt"/>
        <line num="24" count="1" type="stmt"/>
        <line num="25" count="1" type="stmt"/>
        <line num="26" count="1" type="stmt"/>
        <line num="27" count="1" type="stmt"/>
        <line num="28" count="1" type="stmt"/>
        <line num="29" count="1" type="stmt"/>
        <line num="30" count="1" type="stmt"/>
        <line num="31" count="1" type="stmt"/>
        <line num="32" count="1" type="stmt"/>
        <line num="33" count="1" type="stmt"/>
        <line num="34" count="1" type="stmt"/>
        <line num="35" count="1" type="stmt"/>
        <line num="45" count="1" type="stmt"/>
        <line num="65" count="1" type="stmt"/>
        <line num="66" count="1" type="stmt"/>
        <line num="67" count="1" type="stmt"/>
        <line num="68" count="1" type="stmt"/>
        <line num="69" count="1" type="stmt"/>
        <line num="70" count="1" type="stmt"/>
        <line num="71" count="1" type="stmt"/>
        <line num="72" count="1" type="stmt"/>
        <line num="73" count="1" type="stmt"/>
        <line num="74" count="1" type="stmt"/>
        <line num="75" count="1" type="stmt"/>
        <line num="76" count="1" type="stmt"/>
        <line num="77" count="1" type="stmt"/>
        <line num="78" count="1" type="stmt"/>
      </file>
      <file name="dom-walker.ts" path="/Users/zee/Documents/Vibe Coding/ACOS 3.0/apps/visual-composer/src/parser/dom-walker.ts">
        <metrics statements="137" coveredstatements="129" conditionals="62" coveredconditionals="53" methods="8" coveredmethods="7"/>
        <line num="26" count="1" type="stmt"/>
        <line num="75" count="1" type="cond" truecount="1" falsecount="0"/>
        <line num="76" count="60" type="stmt"/>
        <line num="77" count="60" type="stmt"/>
        <line num="78" count="60" type="cond" truecount="0" falsecount="1"/>
        <line num="88" count="60" type="stmt"/>
        <line num="91" count="60" type="stmt"/>
        <line num="92" count="60" type="stmt"/>
        <line num="97" count="60" type="stmt"/>
        <line num="101" count="60" type="stmt"/>
        <line num="107" count="60" type="stmt"/>
        <line num="109" count="60" type="cond" truecount="1" falsecount="0"/>
        <line num="110" count="2857" type="stmt"/>
        <line num="112" count="2857" type="cond" truecount="1" falsecount="0"/>
        <line num="113" count="1317" type="stmt"/>
        <line num="114" count="1317" type="stmt"/>
        <line num="115" count="1317" type="stmt"/>
        <line num="116" count="1317" type="stmt"/>
        <line num="117" count="1317" type="cond" truecount="0" falsecount="1"/>
        <line num="118" count="1317" type="stmt"/>
        <line num="119" count="1317" type="cond" truecount="1" falsecount="0"/>
        <line num="121" count="1540" type="stmt"/>
        <line num="125" count="1540" type="cond" truecount="2" falsecount="0"/>
        <line num="128" count="1505" type="cond" truecount="2" falsecount="0"/>
        <line num="133" count="1493" type="stmt"/>
        <line num="134" count="1493" type="cond" truecount="3" falsecount="0"/>
        <line num="139" count="1399" type="stmt"/>
        <line num="140" count="1399" type="stmt"/>
        <line num="141" count="1399" type="stmt"/>
        <line num="142" count="2857" type="cond" truecount="1" falsecount="0"/>
        <line num="143" count="2857" type="stmt"/>
        <line num="147" count="2857" type="stmt"/>
        <line num="148" count="2857" type="stmt"/>
        <line num="149" count="2857" type="stmt"/>
        <line num="150" count="2857" type="cond" truecount="1" falsecount="0"/>
        <line num="152" count="60" type="stmt"/>
        <line num="153" count="2857" type="cond" truecount="2" falsecount="0"/>
        <line num="154" count="801" type="stmt"/>
        <line num="155" count="1339" type="cond" truecount="1" falsecount="0"/>
        <line num="156" count="538" type="stmt"/>
        <line num="157" count="538" type="cond" truecount="2" falsecount="0"/>
        <line num="159" count="1399" type="stmt"/>
        <line num="165" count="1399" type="stmt"/>
        <line num="166" count="1399" type="stmt"/>
        <line num="172" count="1399" type="stmt"/>
        <line num="174" count="1399" type="stmt"/>
        <line num="175" count="1399" type="stmt"/>
        <line num="176" count="1399" type="stmt"/>
        <line num="177" count="1399" type="stmt"/>
        <line num="178" count="1399" type="stmt"/>
        <line num="179" count="1399" type="stmt"/>
        <line num="180" count="1399" type="stmt"/>
        <line num="181" count="1399" type="stmt"/>
        <line num="188" count="1399" type="stmt"/>
        <line num="189" count="1399" type="stmt"/>
        <line num="190" count="2857" type="cond" truecount="2" falsecount="0"/>
        <line num="191" count="2857" type="cond" truecount="1" falsecount="0"/>
        <line num="192" count="82" type="stmt"/>
        <line num="194" count="82" type="stmt"/>
        <line num="195" count="82" type="cond" truecount="2" falsecount="0"/>
        <line num="198" count="1317" type="stmt"/>
        <line num="199" count="1317" type="stmt"/>
        <line num="200" count="1317" type="stmt"/>
        <line num="203" count="1317" type="stmt"/>
        <line num="206" count="1317" type="stmt"/>
        <line num="207" count="2687" type="cond" truecount="1" falsecount="0"/>
        <line num="208" count="1480" type="stmt"/>
        <line num="209" count="1480" type="stmt"/>
        <line num="210" count="1480" type="cond" truecount="1" falsecount="0"/>
        <line num="211" count="1317" type="stmt"/>
        <line num="213" count="60" type="stmt"/>
        <line num="214" count="60" type="stmt"/>
        <line num="222" count="1377" type="cond" truecount="1" falsecount="0"/>
        <line num="223" count="1377" type="stmt"/>
        <line num="224" count="1377" type="stmt"/>
        <line num="225" count="1377" type="stmt"/>
        <line num="226" count="1377" type="cond" truecount="0" falsecount="1"/>
        <line num="227" count="1377" type="cond" truecount="1" falsecount="0"/>
        <line num="228" count="1540" type="stmt"/>
        <line num="229" count="1540" type="cond" truecount="0" falsecount="1"/>
        <line num="230" count="1540" type="stmt"/>
        <line num="231" count="1540" type="cond" truecount="1" falsecount="0"/>
        <line num="232" count="1540" type="stmt"/>
        <line num="233" count="1540" type="cond" truecount="1" falsecount="0"/>
        <line num="234" count="1540" type="stmt"/>
        <line num="235" count="1377" type="stmt"/>
        <line num="236" count="1377" type="stmt"/>
        <line num="239" count="1493" type="cond" truecount="1" falsecount="0"/>
        <line num="240" count="1493" type="cond" truecount="3" falsecount="0"/>
        <line num="241" count="1493" type="cond" truecount="3" falsecount="0"/>
        <line num="243" count="1410" type="stmt"/>
        <line num="244" count="1493" type="cond" truecount="3" falsecount="0"/>
        <line num="245" count="1399" type="stmt"/>
        <line num="246" count="1399" type="stmt"/>
        <line num="254" count="1493" type="cond" truecount="1" falsecount="0"/>
        <line num="255" count="1493" type="stmt"/>
        <line num="256" count="1493" type="stmt"/>
        <line num="257" count="1493" type="stmt"/>
        <line num="258" count="1493" type="stmt"/>
        <line num="259" count="1493" type="cond" truecount="0" falsecount="1"/>
        <line num="261" count="0" type="stmt"/>
        <line num="262" count="1493" type="cond" truecount="0" falsecount="1"/>
        <line num="265" count="0" type="stmt"/>
        <line num="266" count="0" type="stmt"/>
        <line num="269" count="1" type="stmt"/>
        <line num="270" count="1" type="stmt"/>
        <line num="271" count="1" type="stmt"/>
        <line num="272" count="1" type="stmt"/>
        <line num="273" count="0" type="stmt"/>
        <line num="274" count="0" type="stmt"/>
        <line num="275" count="0" type="stmt"/>
        <line num="276" count="1" type="stmt"/>
        <line num="277" count="1" type="stmt"/>
        <line num="280" count="1" type="cond" truecount="1" falsecount="0"/>
        <line num="281" count="5519" type="stmt"/>
        <line num="282" count="5519" type="cond" truecount="1" falsecount="0"/>
        <line num="283" count="5519" type="stmt"/>
        <line num="284" count="5519" type="cond" truecount="1" falsecount="0"/>
        <line num="285" count="5519" type="cond" truecount="1" falsecount="0"/>
        <line num="286" count="5519" type="stmt"/>
        <line num="287" count="5519" type="cond" truecount="1" falsecount="0"/>
        <line num="288" count="5519" type="stmt"/>
        <line num="289" count="5519" type="stmt"/>
        <line num="290" count="5519" type="stmt"/>
        <line num="292" count="11038" type="cond" truecount="1" falsecount="0"/>
        <line num="293" count="11038" type="cond" truecount="0" falsecount="1"/>
        <line num="295" count="11038" type="stmt"/>
        <line num="296" count="11038" type="cond" truecount="2" falsecount="0"/>
        <line num="297" count="11038" type="stmt"/>
        <line num="299" count="5519" type="cond" truecount="1" falsecount="0"/>
        <line num="300" count="5519" type="cond" truecount="0" falsecount="1"/>
        <line num="301" count="5519" type="stmt"/>
        <line num="302" count="5519" type="cond" truecount="2" falsecount="0"/>
        <line num="304" count="5519" type="cond" truecount="2" falsecount="0"/>
        <line num="305" count="5269" type="cond" truecount="0" falsecount="1"/>
        <line num="306" count="0" type="stmt"/>
        <line num="307" count="0" type="stmt"/>
      </file>
      <file name="index.ts" path="/Users/zee/Documents/Vibe Coding/ACOS 3.0/apps/visual-composer/src/parser/index.ts">
        <metrics statements="56" coveredstatements="50" conditionals="28" coveredconditionals="25" methods="3" coveredmethods="3"/>
        <line num="1" count="1" type="stmt"/>
        <line num="107" count="61" type="cond" truecount="1" falsecount="0"/>
        <line num="108" count="61" type="stmt"/>
        <line num="109" count="61" type="stmt"/>
        <line num="110" count="61" type="stmt"/>
        <line num="111" count="61" type="cond" truecount="3" falsecount="0"/>
        <line num="115" count="61" type="cond" truecount="1" falsecount="1"/>
        <line num="117" count="60" type="stmt"/>
        <line num="118" count="60" type="stmt"/>
        <line num="122" count="60" type="stmt"/>
        <line num="127" count="60" type="stmt"/>
        <line num="129" count="61" type="cond" truecount="1" falsecount="0"/>
        <line num="130" count="1399" type="stmt"/>
        <line num="142" count="1399" type="cond" truecount="0" falsecount="1"/>
        <line num="143" count="1399" type="cond" truecount="1" falsecount="0"/>
        <line num="144" count="849" type="stmt"/>
        <line num="145" count="849" type="stmt"/>
        <line num="146" count="849" type="stmt"/>
        <line num="148" count="1399" type="cond" truecount="1" falsecount="0"/>
        <line num="149" count="30" type="stmt"/>
        <line num="150" count="1399" type="cond" truecount="3" falsecount="0"/>
        <line num="154" count="34" type="stmt"/>
        <line num="155" count="1369" type="cond" truecount="2" falsecount="0"/>
        <line num="160" count="48" type="stmt"/>
        <line num="161" count="1335" type="cond" truecount="1" falsecount="0"/>
        <line num="162" count="1287" type="stmt"/>
        <line num="163" count="1287" type="cond" truecount="1" falsecount="0"/>
        <line num="164" count="1287" type="stmt"/>
        <line num="177" count="1399" type="stmt"/>
        <line num="178" count="1399" type="stmt"/>
        <line num="179" count="1399" type="cond" truecount="1" falsecount="0"/>
        <line num="180" count="1399" type="cond" truecount="1" falsecount="0"/>
        <line num="181" count="1399" type="stmt"/>
        <line num="182" count="1399" type="stmt"/>
        <line num="183" count="1399" type="stmt"/>
        <line num="184" count="1399" type="cond" truecount="1" falsecount="0"/>
        <line num="188" count="60" type="stmt"/>
        <line num="189" count="60" type="stmt"/>
        <line num="190" count="61" type="cond" truecount="1" falsecount="0"/>
        <line num="191" count="1399" type="cond" truecount="1" falsecount="0"/>
        <line num="192" count="1399" type="cond" truecount="1" falsecount="0"/>
        <line num="194" count="60" type="stmt"/>
        <line num="202" count="61" type="cond" truecount="1" falsecount="0"/>
        <line num="203" count="61" type="stmt"/>
        <line num="213" count="61" type="cond" truecount="2" falsecount="0"/>
        <line num="215" count="60" type="stmt"/>
        <line num="216" count="60" type="stmt"/>
        <line num="227" count="921" type="cond" truecount="1" falsecount="0"/>
        <line num="228" count="921" type="cond" truecount="0" falsecount="1"/>
        <line num="229" count="0" type="stmt"/>
        <line num="230" count="0" type="stmt"/>
        <line num="231" count="0" type="stmt"/>
        <line num="232" count="0" type="stmt"/>
        <line num="234" count="0" type="stmt"/>
        <line num="235" count="0" type="stmt"/>
        <line num="236" count="921" type="stmt"/>
      </file>
    </package>
    <package name="parser.extractors">
      <metrics statements="802" coveredstatements="692" conditionals="297" coveredconditionals="225" methods="49" coveredmethods="48"/>
      <file name="background.ts" path="/Users/zee/Documents/Vibe Coding/ACOS 3.0/apps/visual-composer/src/parser/extractors/background.ts">
        <metrics statements="297" coveredstatements="219" conditionals="116" coveredconditionals="89" methods="17" coveredmethods="16"/>
        <line num="1" count="1" type="stmt"/>
        <line num="37" count="1" type="stmt"/>
        <line num="48" count="1408" type="cond" truecount="1" falsecount="0"/>
        <line num="49" count="1408" type="stmt"/>
        <line num="50" count="1408" type="stmt"/>
        <line num="51" count="1408" type="stmt"/>
        <line num="56" count="1408" type="stmt"/>
        <line num="57" count="1408" type="cond" truecount="1" falsecount="0"/>
        <line num="58" count="1408" type="cond" truecount="4" falsecount="0"/>
        <line num="64" count="83" type="stmt"/>
        <line num="65" count="83" type="stmt"/>
        <line num="66" count="1144" type="cond" truecount="3" falsecount="0"/>
        <line num="70" count="79" type="stmt"/>
        <line num="71" count="1144" type="cond" truecount="0" falsecount="1"/>
        <line num="72" count="0" type="stmt"/>
        <line num="73" count="0" type="stmt"/>
        <line num="74" count="0" type="cond" truecount="2" falsecount="0"/>
        <line num="76" count="79" type="cond" truecount="1" falsecount="0"/>
        <line num="77" count="1144" type="cond" truecount="3" falsecount="0"/>
        <line num="79" count="1408" type="cond" truecount="2" falsecount="0"/>
        <line num="80" count="1408" type="cond" truecount="2" falsecount="0"/>
        <line num="82" count="1408" type="stmt"/>
        <line num="83" count="1408" type="stmt"/>
        <line num="84" count="1408" type="stmt"/>
        <line num="85" count="1408" type="stmt"/>
        <line num="86" count="1408" type="stmt"/>
        <line num="87" count="1408" type="stmt"/>
        <line num="88" count="1408" type="stmt"/>
        <line num="89" count="1408" type="stmt"/>
        <line num="91" count="1408" type="stmt"/>
        <line num="92" count="1408" type="stmt"/>
        <line num="93" count="1408" type="stmt"/>
        <line num="94" count="1408" type="stmt"/>
        <line num="95" count="1408" type="stmt"/>
        <line num="96" count="1408" type="stmt"/>
        <line num="97" count="1408" type="stmt"/>
        <line num="98" count="1408" type="stmt"/>
        <line num="99" count="1408" type="stmt"/>
        <line num="119" count="83" type="cond" truecount="1" falsecount="0"/>
        <line num="120" count="83" type="stmt"/>
        <line num="121" count="83" type="stmt"/>
        <line num="122" count="83" type="cond" truecount="1" falsecount="0"/>
        <line num="123" count="27442" type="stmt"/>
        <line num="124" count="27442" type="cond" truecount="1" falsecount="0"/>
        <line num="125" count="26643" type="cond" truecount="2" falsecount="0"/>
        <line num="126" count="26643" type="stmt"/>
        <line num="127" count="26643" type="cond" truecount="1" falsecount="0"/>
        <line num="128" count="27442" type="cond" truecount="2" falsecount="0"/>
        <line num="129" count="78" type="stmt"/>
        <line num="130" count="78" type="stmt"/>
        <line num="131" count="78" type="cond" truecount="1" falsecount="0"/>
        <line num="132" count="27442" type="cond" truecount="2" falsecount="0"/>
        <line num="133" count="639" type="cond" truecount="2" falsecount="0"/>
        <line num="134" count="557" type="cond" truecount="2" falsecount="0"/>
        <line num="135" count="1" type="stmt"/>
        <line num="136" count="1" type="stmt"/>
        <line num="137" count="27442" type="cond" truecount="1" falsecount="0"/>
        <line num="138" count="82" type="stmt"/>
        <line num="139" count="82" type="stmt"/>
        <line num="149" count="83" type="cond" truecount="1" falsecount="0"/>
        <line num="154" count="83" type="stmt"/>
        <line num="155" count="83" type="cond" truecount="3" falsecount="0"/>
        <line num="156" count="83" type="cond" truecount="2" falsecount="1"/>
        <line num="157" count="83" type="cond" truecount="0" falsecount="1"/>
        <line num="158" count="83" type="stmt"/>
        <line num="165" count="79" type="cond" truecount="1" falsecount="0"/>
        <line num="166" count="79" type="cond" truecount="0" falsecount="1"/>
        <line num="169" count="79" type="cond" truecount="2" falsecount="0"/>
        <line num="170" count="79" type="cond" truecount="0" falsecount="1"/>
        <line num="171" count="79" type="stmt"/>
        <line num="172" count="79" type="stmt"/>
        <line num="173" count="79" type="cond" truecount="0" falsecount="1"/>
        <line num="174" count="0" type="stmt"/>
        <line num="175" count="0" type="stmt"/>
        <line num="176" count="79" type="stmt"/>
        <line num="186" count="1" type="stmt"/>
        <line num="188" count="79" type="cond" truecount="1" falsecount="0"/>
        <line num="189" count="79" type="cond" truecount="0" falsecount="1"/>
        <line num="190" count="79" type="stmt"/>
        <line num="191" count="79" type="cond" truecount="1" falsecount="0"/>
        <line num="192" count="34" type="stmt"/>
        <line num="193" count="34" type="stmt"/>
        <line num="194" count="34" type="stmt"/>
        <line num="195" count="79" type="stmt"/>
        <line num="196" count="79" type="stmt"/>
        <line num="205" count="79" type="cond" truecount="1" falsecount="0"/>
        <line num="206" count="79" type="stmt"/>
        <line num="207" count="79" type="stmt"/>
        <line num="208" count="79" type="stmt"/>
        <line num="209" count="79" type="stmt"/>
        <line num="210" count="79" type="stmt"/>
        <line num="211" count="79" type="stmt"/>
        <line num="212" count="79" type="cond" truecount="1" falsecount="0"/>
        <line num="213" count="79" type="cond" truecount="1" falsecount="0"/>
        <line num="214" count="67" type="stmt"/>
        <line num="215" count="67" type="stmt"/>
        <line num="216" count="67" type="stmt"/>
        <line num="217" count="67" type="stmt"/>
        <line num="219" count="67" type="cond" truecount="1" falsecount="0"/>
        <line num="220" count="67" type="stmt"/>
        <line num="221" count="67" type="stmt"/>
        <line num="222" count="67" type="stmt"/>
        <line num="226" count="67" type="cond" truecount="1" falsecount="0"/>
        <line num="227" count="64" type="stmt"/>
        <line num="228" count="64" type="cond" truecount="1" falsecount="0"/>
        <line num="231" count="64" type="cond" truecount="2" falsecount="0"/>
        <line num="237" count="4" type="stmt"/>
        <line num="238" count="37" type="cond" truecount="0" falsecount="1"/>
        <line num="239" count="0" type="stmt"/>
        <line num="240" count="0" type="stmt"/>
        <line num="241" count="0" type="cond" truecount="1" falsecount="0"/>
        <line num="243" count="4" type="cond" truecount="1" falsecount="0"/>
        <line num="244" count="4" type="stmt"/>
        <line num="245" count="4" type="stmt"/>
        <line num="246" count="4" type="cond" truecount="1" falsecount="0"/>
        <line num="247" count="3" type="cond" truecount="0" falsecount="1"/>
        <line num="248" count="3" type="stmt"/>
        <line num="252" count="3" type="stmt"/>
        <line num="253" count="3" type="stmt"/>
        <line num="254" count="3" type="stmt"/>
        <line num="255" count="3" type="cond" truecount="0" falsecount="1"/>
        <line num="257" count="0" type="stmt"/>
        <line num="258" count="3" type="stmt"/>
        <line num="259" count="3" type="stmt"/>
        <line num="261" count="4" type="cond" truecount="1" falsecount="0"/>
        <line num="262" count="1" type="stmt"/>
        <line num="267" count="1" type="stmt"/>
        <line num="268" count="1" type="stmt"/>
        <line num="269" count="1" type="cond" truecount="0" falsecount="1"/>
        <line num="271" count="0" type="stmt"/>
        <line num="272" count="1" type="stmt"/>
        <line num="273" count="4" type="stmt"/>
        <line num="275" count="4" type="stmt"/>
        <line num="276" count="4" type="stmt"/>
        <line num="277" count="4" type="stmt"/>
        <line num="279" count="4" type="cond" truecount="1" falsecount="0"/>
        <line num="280" count="2" type="stmt"/>
        <line num="281" count="2" type="cond" truecount="0" falsecount="1"/>
        <line num="282" count="2" type="cond" truecount="0" falsecount="1"/>
        <line num="283" count="2" type="stmt"/>
        <line num="284" count="2" type="stmt"/>
        <line num="285" count="2" type="cond" truecount="0" falsecount="1"/>
        <line num="286" count="0" type="stmt"/>
        <line num="287" count="0" type="stmt"/>
        <line num="288" count="0" type="stmt"/>
        <line num="289" count="2" type="stmt"/>
        <line num="290" count="4" type="stmt"/>
        <line num="291" count="0" type="stmt"/>
        <line num="292" count="0" type="stmt"/>
        <line num="293" count="0" type="stmt"/>
        <line num="294" count="0" type="stmt"/>
        <line num="296" count="4" type="stmt"/>
        <line num="297" count="4" type="stmt"/>
        <line num="298" count="4" type="cond" truecount="0" falsecount="1"/>
        <line num="299" count="0" type="stmt"/>
        <line num="300" count="0" type="stmt"/>
        <line num="301" count="0" type="stmt"/>
        <line num="302" count="0" type="stmt"/>
        <line num="303" count="4" type="stmt"/>
        <line num="304" count="4" type="stmt"/>
        <line num="306" count="4" type="cond" truecount="1" falsecount="0"/>
        <line num="307" count="4" type="stmt"/>
        <line num="310" count="4" type="stmt"/>
        <line num="311" count="4" type="stmt"/>
        <line num="312" count="4" type="cond" truecount="0" falsecount="1"/>
        <line num="313" count="0" type="stmt"/>
        <line num="314" count="0" type="stmt"/>
        <line num="315" count="0" type="stmt"/>
        <line num="316" count="0" type="stmt"/>
        <line num="317" count="0" type="stmt"/>
        <line num="329" count="64" type="cond" truecount="1" falsecount="0"/>
        <line num="330" count="64" type="stmt"/>
        <line num="331" count="64" type="stmt"/>
        <line num="333" count="64" type="stmt"/>
        <line num="334" count="64" type="cond" truecount="0" falsecount="1"/>
        <line num="335" count="64" type="stmt"/>
        <line num="336" count="64" type="stmt"/>
        <line num="337" count="64" type="cond" truecount="0" falsecount="1"/>
        <line num="339" count="64" type="stmt"/>
        <line num="340" count="64" type="stmt"/>
        <line num="341" count="64" type="stmt"/>
        <line num="342" count="64" type="stmt"/>
        <line num="343" count="64" type="cond" truecount="0" falsecount="1"/>
        <line num="345" count="0" type="stmt"/>
        <line num="346" count="0" type="stmt"/>
        <line num="347" count="0" type="stmt"/>
        <line num="348" count="0" type="stmt"/>
        <line num="349" count="0" type="stmt"/>
        <line num="350" count="0" type="stmt"/>
        <line num="351" count="64" type="cond" truecount="0" falsecount="1"/>
        <line num="352" count="0" type="stmt"/>
        <line num="353" count="0" type="stmt"/>
        <line num="355" count="64" type="stmt"/>
        <line num="356" count="64" type="stmt"/>
        <line num="358" count="64" type="cond" truecount="1" falsecount="0"/>
        <line num="361" count="64" type="stmt"/>
        <line num="362" count="64" type="stmt"/>
        <line num="363" count="64" type="stmt"/>
        <line num="364" count="64" type="cond" truecount="0" falsecount="1"/>
        <line num="365" count="0" type="stmt"/>
        <line num="366" count="0" type="stmt"/>
        <line num="367" count="0" type="stmt"/>
        <line num="368" count="0" type="stmt"/>
        <line num="369" count="0" type="stmt"/>
        <line num="370" count="0" type="stmt"/>
        <line num="371" count="0" type="stmt"/>
        <line num="372" count="64" type="stmt"/>
        <line num="373" count="64" type="cond" truecount="1" falsecount="0"/>
        <line num="374" count="64" type="stmt"/>
        <line num="375" count="64" type="stmt"/>
        <line num="388" count="64" type="cond" truecount="1" falsecount="0"/>
        <line num="389" count="64" type="stmt"/>
        <line num="390" count="64" type="stmt"/>
        <line num="391" count="64" type="cond" truecount="0" falsecount="1"/>
        <line num="394" count="64" type="stmt"/>
        <line num="395" count="64" type="cond" truecount="1" falsecount="0"/>
        <line num="396" count="61" type="cond" truecount="1" falsecount="0"/>
        <line num="397" count="61" type="cond" truecount="1" falsecount="0"/>
        <line num="398" count="61" type="cond" truecount="1" falsecount="0"/>
        <line num="399" count="61" type="cond" truecount="1" falsecount="0"/>
        <line num="400" count="61" type="cond" truecount="1" falsecount="0"/>
        <line num="401" count="61" type="cond" truecount="1" falsecount="0"/>
        <line num="402" count="61" type="stmt"/>
        <line num="403" count="64" type="cond" truecount="1" falsecount="0"/>
        <line num="406" count="61" type="stmt"/>
        <line num="407" count="61" type="stmt"/>
        <line num="408" count="61" type="cond" truecount="0" falsecount="1"/>
        <line num="409" count="0" type="stmt"/>
        <line num="410" count="0" type="cond" truecount="2" falsecount="0"/>
        <line num="413" count="3" type="stmt"/>
        <line num="414" count="3" type="cond" truecount="1" falsecount="0"/>
        <line num="415" count="2" type="cond" truecount="1" falsecount="0"/>
        <line num="416" count="2" type="cond" truecount="1" falsecount="0"/>
        <line num="417" count="2" type="cond" truecount="1" falsecount="0"/>
        <line num="418" count="2" type="cond" truecount="1" falsecount="0"/>
        <line num="419" count="2" type="stmt"/>
        <line num="420" count="64" type="cond" truecount="2" falsecount="0"/>
        <line num="421" count="2" type="stmt"/>
        <line num="422" count="2" type="stmt"/>
        <line num="423" count="2" type="cond" truecount="0" falsecount="1"/>
        <line num="424" count="0" type="stmt"/>
        <line num="425" count="0" type="cond" truecount="2" falsecount="0"/>
        <line num="428" count="64" type="cond" truecount="1" falsecount="2"/>
        <line num="429" count="0" type="stmt"/>
        <line num="430" count="0" type="stmt"/>
        <line num="431" count="0" type="stmt"/>
        <line num="433" count="0" type="stmt"/>
        <line num="434" count="0" type="stmt"/>
        <line num="435" count="0" type="stmt"/>
        <line num="436" count="0" type="stmt"/>
        <line num="438" count="0" type="stmt"/>
        <line num="439" count="0" type="stmt"/>
        <line num="440" count="0" type="stmt"/>
        <line num="441" count="0" type="stmt"/>
        <line num="442" count="0" type="stmt"/>
        <line num="443" count="0" type="stmt"/>
        <line num="444" count="0" type="stmt"/>
        <line num="445" count="0" type="stmt"/>
        <line num="447" count="0" type="stmt"/>
        <line num="448" count="0" type="stmt"/>
        <line num="451" count="0" type="stmt"/>
        <line num="452" count="0" type="stmt"/>
        <line num="453" count="0" type="stmt"/>
        <line num="454" count="0" type="stmt"/>
        <line num="455" count="0" type="stmt"/>
        <line num="456" count="0" type="stmt"/>
        <line num="458" count="0" type="stmt"/>
        <line num="459" count="0" type="stmt"/>
        <line num="460" count="0" type="stmt"/>
        <line num="461" count="0" type="stmt"/>
        <line num="462" count="0" type="stmt"/>
        <line num="463" count="0" type="stmt"/>
        <line num="464" count="0" type="stmt"/>
        <line num="465" count="0" type="stmt"/>
        <line num="466" count="0" type="stmt"/>
        <line num="467" count="0" type="cond" truecount="1" falsecount="0"/>
        <line num="469" count="1" type="stmt"/>
        <line num="470" count="1" type="stmt"/>
        <line num="472" count="122" type="cond" truecount="1" falsecount="0"/>
        <line num="473" count="122" type="cond" truecount="0" falsecount="1"/>
        <line num="474" count="122" type="stmt"/>
        <line num="475" count="122" type="stmt"/>
        <line num="476" count="122" type="stmt"/>
        <line num="477" count="122" type="stmt"/>
        <line num="478" count="122" type="stmt"/>
        <line num="480" count="122" type="stmt"/>
        <line num="482" count="1" type="cond" truecount="1" falsecount="0"/>
        <line num="486" count="1" type="stmt"/>
        <line num="487" count="1" type="stmt"/>
        <line num="489" count="77" type="cond" truecount="1" falsecount="0"/>
        <line num="491" count="77" type="stmt"/>
        <line num="492" count="77" type="cond" truecount="1" falsecount="0"/>
        <line num="493" count="2749" type="stmt"/>
        <line num="494" count="2749" type="stmt"/>
        <line num="495" count="2749" type="stmt"/>
        <line num="496" count="77" type="stmt"/>
        <line num="497" count="77" type="stmt"/>
      </file>
      <file name="image.ts" path="/Users/zee/Documents/Vibe Coding/ACOS 3.0/apps/visual-composer/src/parser/extractors/image.ts">
        <metrics statements="48" coveredstatements="46" conditionals="17" coveredconditionals="9" methods="3" coveredmethods="3"/>
        <line num="1" count="1" type="stmt"/>
        <line num="15" count="1" type="cond" truecount="1" falsecount="0"/>
        <line num="16" count="30" type="stmt"/>
        <line num="17" count="30" type="cond" truecount="0" falsecount="1"/>
        <line num="18" count="30" type="cond" truecount="0" falsecount="1"/>
        <line num="20" count="30" type="stmt"/>
        <line num="21" count="30" type="stmt"/>
        <line num="22" count="30" type="stmt"/>
        <line num="24" count="30" type="stmt"/>
        <line num="25" count="30" type="stmt"/>
        <line num="26" count="30" type="stmt"/>
        <line num="27" count="30" type="stmt"/>
        <line num="28" count="30" type="stmt"/>
        <line num="29" count="30" type="stmt"/>
        <line num="30" count="30" type="stmt"/>
        <line num="31" count="30" type="stmt"/>
        <line num="32" count="30" type="stmt"/>
        <line num="34" count="30" type="cond" truecount="1" falsecount="0"/>
        <line num="36" count="30" type="cond" truecount="0" falsecount="1"/>
        <line num="37" count="30" type="cond" truecount="0" falsecount="1"/>
        <line num="38" count="30" type="cond" truecount="0" falsecount="1"/>
        <line num="41" count="30" type="stmt"/>
        <line num="42" count="30" type="stmt"/>
        <line num="43" count="30" type="stmt"/>
        <line num="44" count="30" type="cond" truecount="1" falsecount="0"/>
        <line num="45" count="25" type="stmt"/>
        <line num="46" count="25" type="stmt"/>
        <line num="47" count="25" type="stmt"/>
        <line num="48" count="30" type="stmt"/>
        <line num="49" count="30" type="cond" truecount="1" falsecount="0"/>
        <line num="50" count="25" type="stmt"/>
        <line num="51" count="25" type="stmt"/>
        <line num="52" count="25" type="stmt"/>
        <line num="53" count="30" type="cond" truecount="3" falsecount="0"/>
        <line num="56" count="5" type="stmt"/>
        <line num="57" count="5" type="stmt"/>
        <line num="58" count="5" type="cond" truecount="0" falsecount="2"/>
        <line num="59" count="5" type="cond" truecount="0" falsecount="1"/>
        <line num="60" count="0" type="stmt"/>
        <line num="61" count="0" type="stmt"/>
        <line num="63" count="30" type="cond" truecount="1" falsecount="0"/>
        <line num="64" count="30" type="stmt"/>
        <line num="65" count="30" type="cond" truecount="1" falsecount="0"/>
        <line num="66" count="1135" type="stmt"/>
        <line num="67" count="1135" type="stmt"/>
        <line num="68" count="1135" type="stmt"/>
        <line num="69" count="30" type="stmt"/>
        <line num="70" count="30" type="stmt"/>
      </file>
      <file name="svg.ts" path="/Users/zee/Documents/Vibe Coding/ACOS 3.0/apps/visual-composer/src/parser/extractors/svg.ts">
        <metrics statements="176" coveredstatements="165" conditionals="68" coveredconditionals="56" methods="10" coveredmethods="10"/>
        <line num="1" count="1" type="stmt"/>
        <line num="19" count="1" type="cond" truecount="1" falsecount="0"/>
        <line num="23" count="6" type="stmt"/>
        <line num="25" count="6" type="stmt"/>
        <line num="26" count="6" type="stmt"/>
        <line num="28" count="6" type="stmt"/>
        <line num="29" count="6" type="stmt"/>
        <line num="30" count="6" type="stmt"/>
        <line num="31" count="6" type="stmt"/>
        <line num="32" count="6" type="stmt"/>
        <line num="33" count="6" type="stmt"/>
        <line num="35" count="6" type="stmt"/>
        <line num="36" count="6" type="stmt"/>
        <line num="37" count="6" type="stmt"/>
        <line num="39" count="6" type="stmt"/>
        <line num="40" count="6" type="stmt"/>
        <line num="41" count="6" type="stmt"/>
        <line num="42" count="6" type="stmt"/>
        <line num="43" count="6" type="stmt"/>
        <line num="44" count="6" type="stmt"/>
        <line num="45" count="6" type="stmt"/>
        <line num="46" count="6" type="stmt"/>
        <line num="47" count="6" type="stmt"/>
        <line num="54" count="1" type="cond" truecount="1" falsecount="0"/>
        <line num="55" count="34" type="stmt"/>
        <line num="56" count="34" type="stmt"/>
        <line num="57" count="34" type="stmt"/>
        <line num="58" count="34" type="stmt"/>
        <line num="60" count="34" type="stmt"/>
        <line num="61" count="34" type="stmt"/>
        <line num="62" count="34" type="stmt"/>
        <line num="63" count="34" type="stmt"/>
        <line num="64" count="34" type="stmt"/>
        <line num="65" count="34" type="stmt"/>
        <line num="67" count="34" type="stmt"/>
        <line num="68" count="34" type="stmt"/>
        <line num="69" count="34" type="stmt"/>
        <line num="70" count="34" type="stmt"/>
        <line num="71" count="34" type="stmt"/>
        <line num="72" count="34" type="stmt"/>
        <line num="73" count="34" type="stmt"/>
        <line num="74" count="34" type="stmt"/>
        <line num="75" count="34" type="stmt"/>
        <line num="85" count="40" type="cond" truecount="1" falsecount="0"/>
        <line num="86" count="40" type="stmt"/>
        <line num="87" count="40" type="stmt"/>
        <line num="88" count="40" type="stmt"/>
        <line num="89" count="40" type="cond" truecount="2" falsecount="0"/>
        <line num="92" count="34" type="stmt"/>
        <line num="93" count="34" type="stmt"/>
        <line num="95" count="34" type="stmt"/>
        <line num="96" count="40" type="stmt"/>
        <line num="97" count="40" type="cond" truecount="1" falsecount="0"/>
        <line num="98" count="34" type="cond" truecount="1" falsecount="0"/>
        <line num="99" count="34" type="cond" truecount="1" falsecount="0"/>
        <line num="100" count="34" type="cond" truecount="1" falsecount="0"/>
        <line num="101" count="32" type="stmt"/>
        <line num="102" count="40" type="cond" truecount="1" falsecount="0"/>
        <line num="103" count="32" type="stmt"/>
        <line num="104" count="32" type="stmt"/>
        <line num="105" count="32" type="stmt"/>
        <line num="106" count="32" type="stmt"/>
        <line num="107" count="32" type="stmt"/>
        <line num="108" count="32" type="stmt"/>
        <line num="109" count="32" type="stmt"/>
        <line num="110" count="40" type="cond" truecount="1" falsecount="1"/>
        <line num="112" count="0" type="cond" truecount="1" falsecount="0"/>
        <line num="115" count="2" type="stmt"/>
        <line num="116" count="12" type="cond" truecount="1" falsecount="1"/>
        <line num="117" count="2" type="stmt"/>
        <line num="118" count="2" type="stmt"/>
        <line num="119" count="2" type="stmt"/>
        <line num="120" count="2" type="cond" truecount="1" falsecount="0"/>
        <line num="121" count="2" type="cond" truecount="1" falsecount="0"/>
        <line num="122" count="2" type="stmt"/>
        <line num="123" count="40" type="cond" truecount="1" falsecount="1"/>
        <line num="124" count="0" type="stmt"/>
        <line num="125" count="0" type="cond" truecount="1" falsecount="0"/>
        <line num="126" count="40" type="cond" truecount="2" falsecount="0"/>
        <line num="127" count="1" type="stmt"/>
        <line num="128" count="1" type="stmt"/>
        <line num="136" count="40" type="cond" truecount="1" falsecount="0"/>
        <line num="137" count="40" type="stmt"/>
        <line num="138" count="40" type="stmt"/>
        <line num="139" count="40" type="stmt"/>
        <line num="140" count="40" type="cond" truecount="3" falsecount="0"/>
        <line num="141" count="33" type="stmt"/>
        <line num="142" count="33" type="cond" truecount="2" falsecount="0"/>
        <line num="144" count="7" type="stmt"/>
        <line num="145" count="7" type="stmt"/>
        <line num="146" count="40" type="cond" truecount="3" falsecount="0"/>
        <line num="147" count="4" type="stmt"/>
        <line num="148" count="4" type="cond" truecount="1" falsecount="0"/>
        <line num="151" count="3" type="stmt"/>
        <line num="152" count="3" type="stmt"/>
        <line num="153" count="3" type="stmt"/>
        <line num="154" count="3" type="stmt"/>
        <line num="155" count="3" type="stmt"/>
        <line num="157" count="94" type="cond" truecount="1" falsecount="0"/>
        <line num="158" count="94" type="stmt"/>
        <line num="159" count="94" type="cond" truecount="2" falsecount="0"/>
        <line num="160" count="72" type="stmt"/>
        <line num="161" count="94" type="cond" truecount="1" falsecount="1"/>
        <line num="162" count="94" type="stmt"/>
        <line num="164" count="40" type="cond" truecount="1" falsecount="0"/>
        <line num="165" count="40" type="stmt"/>
        <line num="166" count="40" type="stmt"/>
        <line num="167" count="40" type="stmt"/>
        <line num="168" count="40" type="stmt"/>
        <line num="169" count="40" type="stmt"/>
        <line num="170" count="40" type="cond" truecount="2" falsecount="0"/>
        <line num="171" count="32" type="stmt"/>
        <line num="172" count="32" type="cond" truecount="2" falsecount="0"/>
        <line num="173" count="40" type="cond" truecount="4" falsecount="0"/>
        <line num="174" count="5" type="stmt"/>
        <line num="175" count="5" type="cond" truecount="1" falsecount="0"/>
        <line num="177" count="3" type="stmt"/>
        <line num="178" count="3" type="stmt"/>
        <line num="179" count="3" type="stmt"/>
        <line num="180" count="3" type="stmt"/>
        <line num="181" count="3" type="cond" truecount="0" falsecount="2"/>
        <line num="182" count="3" type="cond" truecount="0" falsecount="1"/>
        <line num="184" count="0" type="stmt"/>
        <line num="185" count="3" type="cond" truecount="0" falsecount="1"/>
        <line num="186" count="0" type="stmt"/>
        <line num="187" count="0" type="stmt"/>
        <line num="189" count="6" type="cond" truecount="1" falsecount="0"/>
        <line num="190" count="6" type="stmt"/>
        <line num="191" count="6" type="stmt"/>
        <line num="192" count="6" type="cond" truecount="1" falsecount="0"/>
        <line num="193" count="18" type="stmt"/>
        <line num="194" count="18" type="stmt"/>
        <line num="195" count="18" type="stmt"/>
        <line num="196" count="6" type="stmt"/>
        <line num="197" count="6" type="cond" truecount="1" falsecount="0"/>
        <line num="198" count="18" type="stmt"/>
        <line num="199" count="18" type="cond" truecount="2" falsecount="0"/>
        <line num="200" count="18" type="stmt"/>
        <line num="201" count="18" type="stmt"/>
        <line num="202" count="6" type="stmt"/>
        <line num="203" count="6" type="stmt"/>
        <line num="205" count="18" type="cond" truecount="1" falsecount="0"/>
        <line num="206" count="18" type="stmt"/>
        <line num="207" count="18" type="cond" truecount="2" falsecount="0"/>
        <line num="208" count="12" type="stmt"/>
        <line num="209" count="12" type="stmt"/>
        <line num="210" count="12" type="stmt"/>
        <line num="211" count="18" type="stmt"/>
        <line num="212" count="18" type="stmt"/>
        <line num="213" count="18" type="cond" truecount="0" falsecount="1"/>
        <line num="214" count="18" type="cond" truecount="1" falsecount="0"/>
        <line num="215" count="12" type="stmt"/>
        <line num="216" count="12" type="stmt"/>
        <line num="217" count="12" type="stmt"/>
        <line num="218" count="18" type="cond" truecount="1" falsecount="0"/>
        <line num="219" count="12" type="cond" truecount="0" falsecount="1"/>
        <line num="220" count="0" type="stmt"/>
        <line num="221" count="0" type="stmt"/>
        <line num="223" count="6" type="cond" truecount="1" falsecount="0"/>
        <line num="224" count="6" type="stmt"/>
        <line num="225" count="6" type="stmt"/>
        <line num="226" count="6" type="stmt"/>
        <line num="227" count="6" type="stmt"/>
        <line num="228" count="6" type="cond" truecount="0" falsecount="1"/>
        <line num="230" count="0" type="stmt"/>
        <line num="231" count="6" type="cond" truecount="0" falsecount="1"/>
        <line num="232" count="0" type="stmt"/>
        <line num="233" count="0" type="stmt"/>
        <line num="235" count="40" type="cond" truecount="1" falsecount="0"/>
        <line num="237" count="40" type="stmt"/>
        <line num="238" count="40" type="cond" truecount="1" falsecount="0"/>
        <line num="239" count="1474" type="stmt"/>
        <line num="240" count="1474" type="stmt"/>
        <line num="241" count="1474" type="stmt"/>
        <line num="242" count="40" type="stmt"/>
        <line num="243" count="40" type="stmt"/>
      </file>
      <file name="table.ts" path="/Users/zee/Documents/Vibe Coding/ACOS 3.0/apps/visual-composer/src/parser/extractors/table.ts">
        <metrics statements="211" coveredstatements="199" conditionals="71" coveredconditionals="53" methods="15" coveredmethods="15"/>
        <line num="1" count="1" type="stmt"/>
        <line num="44" count="1" type="cond" truecount="1" falsecount="0"/>
        <line num="45" count="5" type="stmt"/>
        <line num="46" count="5" type="stmt"/>
        <line num="47" count="5" type="stmt"/>
        <line num="48" count="5" type="stmt"/>
        <line num="50" count="5" type="stmt"/>
        <line num="51" count="5" type="stmt"/>
        <line num="52" count="5" type="stmt"/>
        <line num="53" count="5" type="stmt"/>
        <line num="54" count="5" type="stmt"/>
        <line num="55" count="5" type="stmt"/>
        <line num="56" count="5" type="stmt"/>
        <line num="58" count="5" type="stmt"/>
        <line num="59" count="5" type="stmt"/>
        <line num="60" count="5" type="stmt"/>
        <line num="62" count="5" type="stmt"/>
        <line num="63" count="5" type="stmt"/>
        <line num="64" count="5" type="stmt"/>
        <line num="65" count="5" type="stmt"/>
        <line num="66" count="5" type="stmt"/>
        <line num="67" count="5" type="stmt"/>
        <line num="68" count="5" type="stmt"/>
        <line num="69" count="5" type="stmt"/>
        <line num="70" count="5" type="stmt"/>
        <line num="77" count="1" type="cond" truecount="1" falsecount="0"/>
        <line num="78" count="48" type="stmt"/>
        <line num="79" count="48" type="stmt"/>
        <line num="80" count="48" type="stmt"/>
        <line num="81" count="48" type="stmt"/>
        <line num="82" count="48" type="stmt"/>
        <line num="84" count="48" type="stmt"/>
        <line num="85" count="48" type="stmt"/>
        <line num="86" count="48" type="stmt"/>
        <line num="87" count="48" type="stmt"/>
        <line num="88" count="48" type="stmt"/>
        <line num="89" count="48" type="stmt"/>
        <line num="90" count="48" type="stmt"/>
        <line num="92" count="48" type="stmt"/>
        <line num="93" count="48" type="stmt"/>
        <line num="94" count="48" type="stmt"/>
        <line num="95" count="48" type="stmt"/>
        <line num="96" count="48" type="stmt"/>
        <line num="97" count="48" type="stmt"/>
        <line num="98" count="48" type="stmt"/>
        <line num="99" count="48" type="stmt"/>
        <line num="100" count="48" type="stmt"/>
        <line num="109" count="53" type="cond" truecount="1" falsecount="0"/>
        <line num="110" count="53" type="stmt"/>
        <line num="115" count="53" type="stmt"/>
        <line num="116" count="53" type="cond" truecount="1" falsecount="0"/>
        <line num="117" count="105" type="stmt"/>
        <line num="118" count="105" type="cond" truecount="0" falsecount="1"/>
        <line num="119" count="105" type="stmt"/>
        <line num="120" count="105" type="cond" truecount="3" falsecount="0"/>
        <line num="121" count="103" type="stmt"/>
        <line num="122" count="103" type="cond" truecount="4" falsecount="0"/>
        <line num="123" count="103" type="stmt"/>
        <line num="124" count="105" type="cond" truecount="1" falsecount="1"/>
        <line num="127" count="0" type="stmt"/>
        <line num="128" count="2" type="cond" truecount="1" falsecount="0"/>
        <line num="130" count="2" type="stmt"/>
        <line num="131" count="2" type="stmt"/>
        <line num="133" count="105" type="stmt"/>
        <line num="134" count="53" type="stmt"/>
        <line num="135" count="53" type="stmt"/>
        <line num="137" count="103" type="cond" truecount="1" falsecount="0"/>
        <line num="138" count="103" type="stmt"/>
        <line num="139" count="103" type="stmt"/>
        <line num="140" count="103" type="stmt"/>
        <line num="141" count="103" type="stmt"/>
        <line num="142" count="103" type="stmt"/>
        <line num="143" count="103" type="cond" truecount="1" falsecount="0"/>
        <line num="144" count="596" type="stmt"/>
        <line num="145" count="596" type="cond" truecount="0" falsecount="1"/>
        <line num="146" count="596" type="stmt"/>
        <line num="147" count="596" type="stmt"/>
        <line num="148" count="103" type="stmt"/>
        <line num="150" count="596" type="cond" truecount="1" falsecount="0"/>
        <line num="151" count="596" type="stmt"/>
        <line num="152" count="596" type="stmt"/>
        <line num="153" count="596" type="stmt"/>
        <line num="154" count="596" type="stmt"/>
        <line num="155" count="596" type="stmt"/>
        <line num="156" count="596" type="cond" truecount="1" falsecount="0"/>
        <line num="157" count="4582" type="stmt"/>
        <line num="158" count="4582" type="cond" truecount="0" falsecount="1"/>
        <line num="159" count="4582" type="stmt"/>
        <line num="160" count="4582" type="cond" truecount="1" falsecount="1"/>
        <line num="161" count="4582" type="stmt"/>
        <line num="162" count="4582" type="stmt"/>
        <line num="163" count="596" type="stmt"/>
        <line num="164" count="596" type="stmt"/>
        <line num="166" count="4582" type="cond" truecount="1" falsecount="0"/>
        <line num="172" count="4582" type="cond" truecount="0" falsecount="1"/>
        <line num="173" count="4582" type="stmt"/>
        <line num="174" count="4582" type="stmt"/>
        <line num="175" count="4582" type="stmt"/>
        <line num="176" count="4582" type="stmt"/>
        <line num="177" count="4582" type="stmt"/>
        <line num="178" count="4582" type="stmt"/>
        <line num="179" count="4582" type="stmt"/>
        <line num="180" count="4582" type="stmt"/>
        <line num="181" count="4582" type="stmt"/>
        <line num="187" count="9164" type="cond" truecount="1" falsecount="0"/>
        <line num="188" count="9164" type="stmt"/>
        <line num="189" count="9164" type="cond" truecount="2" falsecount="0"/>
        <line num="190" count="64" type="stmt"/>
        <line num="191" count="9164" type="cond" truecount="2" falsecount="1"/>
        <line num="192" count="64" type="stmt"/>
        <line num="193" count="64" type="stmt"/>
        <line num="200" count="53" type="cond" truecount="1" falsecount="0"/>
        <line num="201" count="53" type="stmt"/>
        <line num="202" count="53" type="cond" truecount="1" falsecount="0"/>
        <line num="203" count="596" type="stmt"/>
        <line num="204" count="596" type="cond" truecount="1" falsecount="0"/>
        <line num="205" count="4582" type="stmt"/>
        <line num="206" count="4582" type="stmt"/>
        <line num="207" count="596" type="cond" truecount="1" falsecount="0"/>
        <line num="208" count="596" type="stmt"/>
        <line num="209" count="53" type="stmt"/>
        <line num="210" count="53" type="stmt"/>
        <line num="222" count="53" type="cond" truecount="1" falsecount="0"/>
        <line num="223" count="53" type="stmt"/>
        <line num="224" count="53" type="stmt"/>
        <line num="225" count="53" type="stmt"/>
        <line num="226" count="53" type="cond" truecount="3" falsecount="0"/>
        <line num="227" count="52" type="stmt"/>
        <line num="228" count="53" type="cond" truecount="2" falsecount="0"/>
        <line num="230" count="52" type="stmt"/>
        <line num="231" count="52" type="stmt"/>
        <line num="232" count="53" type="cond" truecount="1" falsecount="0"/>
        <line num="233" count="259" type="cond" truecount="0" falsecount="1"/>
        <line num="239" count="259" type="stmt"/>
        <line num="240" count="259" type="cond" truecount="2" falsecount="0"/>
        <line num="242" count="269" type="stmt"/>
        <line num="243" count="269" type="stmt"/>
        <line num="244" count="269" type="stmt"/>
        <line num="245" count="259" type="cond" truecount="1" falsecount="0"/>
        <line num="246" count="52" type="stmt"/>
        <line num="247" count="52" type="stmt"/>
        <line num="250" count="4582" type="cond" truecount="1" falsecount="0"/>
        <line num="251" count="4582" type="stmt"/>
        <line num="252" count="4582" type="stmt"/>
        <line num="253" count="4582" type="stmt"/>
        <line num="254" count="4582" type="stmt"/>
        <line num="255" count="4582" type="cond" truecount="0" falsecount="1"/>
        <line num="257" count="0" type="stmt"/>
        <line num="258" count="4582" type="cond" truecount="0" falsecount="1"/>
        <line num="259" count="0" type="stmt"/>
        <line num="260" count="0" type="stmt"/>
        <line num="262" count="53" type="cond" truecount="1" falsecount="0"/>
        <line num="263" count="53" type="stmt"/>
        <line num="264" count="53" type="stmt"/>
        <line num="265" count="53" type="stmt"/>
        <line num="266" count="53" type="cond" truecount="0" falsecount="2"/>
        <line num="267" count="53" type="cond" truecount="0" falsecount="1"/>
        <line num="269" count="0" type="stmt"/>
        <line num="270" count="53" type="cond" truecount="0" falsecount="1"/>
        <line num="271" count="0" type="stmt"/>
        <line num="272" count="0" type="stmt"/>
        <line num="274" count="5" type="cond" truecount="1" falsecount="0"/>
        <line num="275" count="5" type="stmt"/>
        <line num="276" count="5" type="stmt"/>
        <line num="277" count="5" type="stmt"/>
        <line num="278" count="5" type="stmt"/>
        <line num="279" count="5" type="cond" truecount="0" falsecount="1"/>
        <line num="281" count="0" type="stmt"/>
        <line num="282" count="5" type="cond" truecount="0" falsecount="1"/>
        <line num="283" count="0" type="stmt"/>
        <line num="284" count="0" type="stmt"/>
        <line num="286" count="5" type="cond" truecount="1" falsecount="0"/>
        <line num="287" count="5" type="stmt"/>
        <line num="288" count="5" type="stmt"/>
        <line num="289" count="5" type="cond" truecount="1" falsecount="0"/>
        <line num="290" count="15" type="stmt"/>
        <line num="291" count="15" type="stmt"/>
        <line num="292" count="15" type="stmt"/>
        <line num="293" count="5" type="stmt"/>
        <line num="294" count="5" type="cond" truecount="1" falsecount="0"/>
        <line num="295" count="15" type="stmt"/>
        <line num="296" count="15" type="cond" truecount="2" falsecount="0"/>
        <line num="297" count="15" type="stmt"/>
        <line num="298" count="15" type="stmt"/>
        <line num="299" count="5" type="stmt"/>
        <line num="300" count="5" type="stmt"/>
        <line num="302" count="15" type="cond" truecount="1" falsecount="0"/>
        <line num="303" count="15" type="stmt"/>
        <line num="304" count="15" type="cond" truecount="2" falsecount="0"/>
        <line num="305" count="10" type="stmt"/>
        <line num="306" count="10" type="stmt"/>
        <line num="307" count="10" type="stmt"/>
        <line num="308" count="15" type="stmt"/>
        <line num="309" count="15" type="stmt"/>
        <line num="310" count="15" type="cond" truecount="0" falsecount="1"/>
        <line num="311" count="15" type="cond" truecount="1" falsecount="0"/>
        <line num="312" count="10" type="stmt"/>
        <line num="313" count="10" type="stmt"/>
        <line num="314" count="10" type="stmt"/>
        <line num="315" count="15" type="cond" truecount="1" falsecount="0"/>
        <line num="316" count="10" type="cond" truecount="0" falsecount="1"/>
        <line num="317" count="0" type="stmt"/>
        <line num="318" count="0" type="stmt"/>
        <line num="320" count="53" type="cond" truecount="1" falsecount="0"/>
        <line num="322" count="53" type="stmt"/>
        <line num="323" count="53" type="cond" truecount="1" falsecount="0"/>
        <line num="324" count="1857" type="stmt"/>
        <line num="325" count="1857" type="stmt"/>
        <line num="326" count="1857" type="stmt"/>
        <line num="327" count="53" type="stmt"/>
        <line num="328" count="53" type="stmt"/>
      </file>
      <file name="text.ts" path="/Users/zee/Documents/Vibe Coding/ACOS 3.0/apps/visual-composer/src/parser/extractors/text.ts">
        <metrics statements="70" coveredstatements="63" conditionals="25" coveredconditionals="18" methods="4" coveredmethods="4"/>
        <line num="1" count="1" type="stmt"/>
        <line num="12" count="1" type="stmt"/>
        <line num="13" count="1" type="stmt"/>
        <line num="14" count="1" type="stmt"/>
        <line num="22" count="1" type="cond" truecount="1" falsecount="0"/>
        <line num="23" count="1287" type="stmt"/>
        <line num="24" count="1287" type="stmt"/>
        <line num="27" count="1287" type="cond" truecount="1" falsecount="0"/>
        <line num="28" count="3496" type="cond" truecount="0" falsecount="1"/>
        <line num="29" count="3496" type="stmt"/>
        <line num="31" count="1287" type="stmt"/>
        <line num="32" count="1287" type="stmt"/>
        <line num="33" count="1287" type="cond" truecount="4" falsecount="0"/>
        <line num="36" count="883" type="stmt"/>
        <line num="37" count="1287" type="cond" truecount="3" falsecount="0"/>
        <line num="42" count="1287" type="cond" truecount="3" falsecount="0"/>
        <line num="44" count="737" type="stmt"/>
        <line num="45" count="737" type="stmt"/>
        <line num="46" count="737" type="stmt"/>
        <line num="48" count="737" type="stmt"/>
        <line num="49" count="737" type="stmt"/>
        <line num="50" count="737" type="stmt"/>
        <line num="51" count="737" type="stmt"/>
        <line num="52" count="737" type="stmt"/>
        <line num="53" count="737" type="stmt"/>
        <line num="54" count="737" type="stmt"/>
        <line num="55" count="737" type="stmt"/>
        <line num="56" count="737" type="stmt"/>
        <line num="59" count="883" type="cond" truecount="1" falsecount="0"/>
        <line num="60" count="883" type="stmt"/>
        <line num="61" count="883" type="stmt"/>
        <line num="62" count="883" type="stmt"/>
        <line num="63" count="883" type="cond" truecount="1" falsecount="0"/>
        <line num="64" count="1070" type="stmt"/>
        <line num="65" count="1070" type="cond" truecount="1" falsecount="0"/>
        <line num="66" count="912" type="cond" truecount="0" falsecount="1"/>
        <line num="67" count="912" type="stmt"/>
        <line num="68" count="1070" type="stmt"/>
        <line num="69" count="883" type="stmt"/>
        <line num="70" count="883" type="stmt"/>
        <line num="72" count="737" type="cond" truecount="1" falsecount="0"/>
        <line num="76" count="737" type="stmt"/>
        <line num="77" count="737" type="cond" truecount="0" falsecount="1"/>
        <line num="78" count="0" type="stmt"/>
        <line num="79" count="737" type="cond" truecount="0" falsecount="1"/>
        <line num="80" count="737" type="cond" truecount="0" falsecount="1"/>
        <line num="81" count="737" type="stmt"/>
        <line num="82" count="737" type="stmt"/>
        <line num="83" count="737" type="cond" truecount="0" falsecount="1"/>
        <line num="84" count="0" type="stmt"/>
        <line num="85" count="0" type="stmt"/>
        <line num="86" count="0" type="stmt"/>
        <line num="87" count="737" type="stmt"/>
        <line num="88" count="737" type="stmt"/>
        <line num="89" count="737" type="stmt"/>
        <line num="90" count="737" type="cond" truecount="0" falsecount="1"/>
        <line num="91" count="0" type="stmt"/>
        <line num="92" count="0" type="stmt"/>
        <line num="93" count="0" type="stmt"/>
        <line num="94" count="737" type="stmt"/>
        <line num="95" count="737" type="stmt"/>
        <line num="96" count="737" type="stmt"/>
        <line num="98" count="737" type="cond" truecount="1" falsecount="0"/>
        <line num="101" count="737" type="stmt"/>
        <line num="102" count="737" type="cond" truecount="1" falsecount="0"/>
        <line num="103" count="33692" type="stmt"/>
        <line num="104" count="33692" type="stmt"/>
        <line num="105" count="33692" type="stmt"/>
        <line num="106" count="737" type="stmt"/>
        <line num="107" count="737" type="stmt"/>
      </file>
    </package>
  </project>
</coverage>
