{"/Users/zee/Documents/Vibe Coding/ACOS 3.0/apps/visual-composer/src/parser/brad-enrichment.ts": {"path":"/Users/zee/Documents/Vibe Coding/ACOS 3.0/apps/visual-composer/src/parser/brad-enrichment.ts","all":false,"statementMap":{"0":{"start":{"line":1,"column":0},"end":{"line":1,"column":39}},"65":{"start":{"line":66,"column":0},"end":{"line":66,"column":23}},"66":{"start":{"line":67,"column":0},"end":{"line":67,"column":29}},"67":{"start":{"line":68,"column":0},"end":{"line":68,"column":22}},"68":{"start":{"line":69,"column":0},"end":{"line":69,"column":22}},"72":{"start":{"line":73,"column":0},"end":{"line":73,"column":36}},"78":{"start":{"line":79,"column":0},"end":{"line":79,"column":34}},"79":{"start":{"line":80,"column":0},"end":{"line":80,"column":38}},"80":{"start":{"line":81,"column":0},"end":{"line":81,"column":56}},"82":{"start":{"line":83,"column":0},"end":{"line":83,"column":49}},"83":{"start":{"line":84,"column":0},"end":{"line":84,"column":45}},"88":{"start":{"line":89,"column":0},"end":{"line":89,"column":45}},"89":{"start":{"line":90,"column":0},"end":{"line":90,"column":5}},"90":{"start":{"line":91,"column":0},"end":{"line":91,"column":1}},"103":{"start":{"line":104,"column":0},"end":{"line":104,"column":83}},"109":{"start":{"line":110,"column":0},"end":{"line":110,"column":45}},"111":{"start":{"line":112,"column":0},"end":{"line":112,"column":48}},"116":{"start":{"line":117,"column":0},"end":{"line":117,"column":49}},"117":{"start":{"line":118,"column":0},"end":{"line":118,"column":3}},"119":{"start":{"line":120,"column":0},"end":{"line":120,"column":19}},"120":{"start":{"line":121,"column":0},"end":{"line":121,"column":1}},"129":{"start":{"line":130,"column":0},"end":{"line":130,"column":77}},"130":{"start":{"line":131,"column":0},"end":{"line":131,"column":30}},"131":{"start":{"line":132,"column":0},"end":{"line":132,"column":30}},"132":{"start":{"line":133,"column":0},"end":{"line":133,"column":56}},"133":{"start":{"line":134,"column":0},"end":{"line":134,"column":3}},"134":{"start":{"line":135,"column":0},"end":{"line":135,"column":13}},"135":{"start":{"line":136,"column":0},"end":{"line":136,"column":1}}},"s":{"0":1,"65":1,"66":86,"67":86,"68":86,"72":86,"78":77,"79":1113,"80":1113,"82":977,"83":1078,"88":882,"89":77,"90":77,"103":977,"109":977,"111":977,"116":8045,"117":8045,"119":95,"120":95,"129":1,"130":0,"131":0,"132":0,"133":0,"134":0,"135":0},"branchMap":{"0":{"type":"branch","line":66,"loc":{"start":{"line":66,"column":7},"end":{"line":91,"column":1}},"locations":[{"start":{"line":66,"column":7},"end":{"line":91,"column":1}}]},"1":{"type":"branch","line":73,"loc":{"start":{"line":73,"column":21},"end":{"line":73,"column":36}},"locations":[{"start":{"line":73,"column":21},"end":{"line":73,"column":36}}]},"2":{"type":"branch","line":73,"loc":{"start":{"line":73,"column":28},"end":{"line":91,"column":1}},"locations":[{"start":{"line":73,"column":28},"end":{"line":91,"column":1}}]},"3":{"type":"branch","line":79,"loc":{"start":{"line":79,"column":21},"end":{"line":90,"column":3}},"locations":[{"start":{"line":79,"column":21},"end":{"line":90,"column":3}}]},"4":{"type":"branch","line":81,"loc":{"start":{"line":81,"column":9},"end":{"line":81,"column":42}},"locations":[{"start":{"line":81,"column":9},"end":{"line":81,"column":42}}]},"5":{"type":"branch","line":81,"loc":{"start":{"line":81,"column":42},"end":{"line":81,"column":56}},"locations":[{"start":{"line":81,"column":42},"end":{"line":81,"column":56}}]},"6":{"type":"branch","line":81,"loc":{"start":{"line":81,"column":49},"end":{"line":89,"column":45}},"locations":[{"start":{"line":81,"column":49},"end":{"line":89,"column":45}}]},"7":{"type":"branch","line":81,"loc":{"start":{"line":81,"column":49},"end":{"line":84,"column":38}},"locations":[{"start":{"line":81,"column":49},"end":{"line":84,"column":38}}]},"8":{"type":"branch","line":84,"loc":{"start":{"line":84,"column":31},"end":{"line":84,"column":45}},"locations":[{"start":{"line":84,"column":31},"end":{"line":84,"column":45}}]},"9":{"type":"branch","line":84,"loc":{"start":{"line":84,"column":38},"end":{"line":89,"column":45}},"locations":[{"start":{"line":84,"column":38},"end":{"line":89,"column":45}}]},"10":{"type":"branch","line":104,"loc":{"start":{"line":104,"column":0},"end":{"line":121,"column":1}},"locations":[{"start":{"line":104,"column":0},"end":{"line":121,"column":1}}]},"11":{"type":"branch","line":112,"loc":{"start":{"line":112,"column":47},"end":{"line":118,"column":3}},"locations":[{"start":{"line":112,"column":47},"end":{"line":118,"column":3}}]},"12":{"type":"branch","line":117,"loc":{"start":{"line":117,"column":32},"end":{"line":117,"column":49}},"locations":[{"start":{"line":117,"column":32},"end":{"line":117,"column":49}}]},"13":{"type":"branch","line":118,"loc":{"start":{"line":118,"column":2},"end":{"line":121,"column":1}},"locations":[{"start":{"line":118,"column":2},"end":{"line":121,"column":1}}]}},"b":{"0":[86],"1":[9],"2":[77],"3":[1113],"4":[1112],"5":[136],"6":[1078],"7":[977],"8":[95],"9":[882],"10":[977],"11":[8045],"12":[882],"13":[95]},"fnMap":{"0":{"name":"enrich","decl":{"start":{"line":66,"column":7},"end":{"line":91,"column":1}},"loc":{"start":{"line":66,"column":7},"end":{"line":91,"column":1}},"line":66},"1":{"name":"pickHighestPriority","decl":{"start":{"line":104,"column":0},"end":{"line":121,"column":1}},"loc":{"start":{"line":104,"column":0},"end":{"line":121,"column":1}},"line":104},"2":{"name":"knownBradClasses","decl":{"start":{"line":130,"column":7},"end":{"line":136,"column":1}},"loc":{"start":{"line":130,"column":7},"end":{"line":136,"column":1}},"line":130}},"f":{"0":86,"1":977,"2":0}}
,"/Users/zee/Documents/Vibe Coding/ACOS 3.0/apps/visual-composer/src/parser/brad-taxonomy.ts": {"path":"/Users/zee/Documents/Vibe Coding/ACOS 3.0/apps/visual-composer/src/parser/brad-taxonomy.ts","all":false,"statementMap":{"21":{"start":{"line":22,"column":0},"end":{"line":22,"column":29}},"22":{"start":{"line":23,"column":0},"end":{"line":23,"column":20}},"23":{"start":{"line":24,"column":0},"end":{"line":24,"column":20}},"24":{"start":{"line":25,"column":0},"end":{"line":25,"column":14}},"25":{"start":{"line":26,"column":0},"end":{"line":26,"column":17}},"26":{"start":{"line":27,"column":0},"end":{"line":27,"column":16}},"27":{"start":{"line":28,"column":0},"end":{"line":28,"column":16}},"28":{"start":{"line":29,"column":0},"end":{"line":29,"column":20}},"29":{"start":{"line":30,"column":0},"end":{"line":30,"column":15}},"30":{"start":{"line":31,"column":0},"end":{"line":31,"column":12}},"31":{"start":{"line":32,"column":0},"end":{"line":32,"column":13}},"32":{"start":{"line":33,"column":0},"end":{"line":33,"column":15}},"33":{"start":{"line":34,"column":0},"end":{"line":34,"column":16}},"34":{"start":{"line":35,"column":0},"end":{"line":35,"column":11}},"44":{"start":{"line":45,"column":0},"end":{"line":45,"column":81}},"64":{"start":{"line":65,"column":0},"end":{"line":65,"column":58}},"65":{"start":{"line":66,"column":0},"end":{"line":66,"column":20}},"66":{"start":{"line":67,"column":0},"end":{"line":67,"column":20}},"67":{"start":{"line":68,"column":0},"end":{"line":68,"column":16}},"68":{"start":{"line":69,"column":0},"end":{"line":69,"column":16}},"69":{"start":{"line":70,"column":0},"end":{"line":70,"column":20}},"70":{"start":{"line":71,"column":0},"end":{"line":71,"column":15}},"71":{"start":{"line":72,"column":0},"end":{"line":72,"column":16}},"72":{"start":{"line":73,"column":0},"end":{"line":73,"column":15}},"73":{"start":{"line":74,"column":0},"end":{"line":74,"column":14}},"74":{"start":{"line":75,"column":0},"end":{"line":75,"column":17}},"75":{"start":{"line":76,"column":0},"end":{"line":76,"column":12}},"76":{"start":{"line":77,"column":0},"end":{"line":77,"column":13}},"77":{"start":{"line":78,"column":0},"end":{"line":78,"column":2}}},"s":{"21":1,"22":1,"23":1,"24":1,"25":1,"26":1,"27":1,"28":1,"29":1,"30":1,"31":1,"32":1,"33":1,"34":1,"44":1,"64":1,"65":1,"66":1,"67":1,"68":1,"69":1,"70":1,"71":1,"72":1,"73":1,"74":1,"75":1,"76":1,"77":1},"branchMap":{},"b":{},"fnMap":{},"f":{}}
,"/Users/zee/Documents/Vibe Coding/ACOS 3.0/apps/visual-composer/src/parser/dom-walker.ts": {"path":"/Users/zee/Documents/Vibe Coding/ACOS 3.0/apps/visual-composer/src/parser/dom-walker.ts","all":false,"statementMap":{"25":{"start":{"line":26,"column":0},"end":{"line":26,"column":71}},"74":{"start":{"line":75,"column":0},"end":{"line":75,"column":54}},"75":{"start":{"line":76,"column":0},"end":{"line":76,"column":31}},"76":{"start":{"line":77,"column":0},"end":{"line":77,"column":35}},"77":{"start":{"line":78,"column":0},"end":{"line":78,"column":24}},"87":{"start":{"line":88,"column":0},"end":{"line":88,"column":55}},"90":{"start":{"line":91,"column":0},"end":{"line":91,"column":32}},"91":{"start":{"line":92,"column":0},"end":{"line":92,"column":36}},"96":{"start":{"line":97,"column":0},"end":{"line":97,"column":58}},"100":{"start":{"line":101,"column":0},"end":{"line":101,"column":65}},"106":{"start":{"line":107,"column":0},"end":{"line":107,"column":24}},"108":{"start":{"line":109,"column":0},"end":{"line":109,"column":28}},"109":{"start":{"line":110,"column":0},"end":{"line":110,"column":31}},"111":{"start":{"line":112,"column":0},"end":{"line":112,"column":32}},"112":{"start":{"line":113,"column":0},"end":{"line":113,"column":20}},"113":{"start":{"line":114,"column":0},"end":{"line":114,"column":25}},"114":{"start":{"line":115,"column":0},"end":{"line":115,"column":25}},"115":{"start":{"line":116,"column":0},"end":{"line":116,"column":26}},"116":{"start":{"line":117,"column":0},"end":{"line":117,"column":52}},"117":{"start":{"line":118,"column":0},"end":{"line":118,"column":15}},"118":{"start":{"line":119,"column":0},"end":{"line":119,"column":5}},"120":{"start":{"line":121,"column":0},"end":{"line":121,"column":24}},"124":{"start":{"line":125,"column":0},"end":{"line":125,"column":44}},"127":{"start":{"line":128,"column":0},"end":{"line":128,"column":60}},"132":{"start":{"line":133,"column":0},"end":{"line":133,"column":43}},"133":{"start":{"line":134,"column":0},"end":{"line":134,"column":39}},"138":{"start":{"line":139,"column":0},"end":{"line":139,"column":33}},"139":{"start":{"line":140,"column":0},"end":{"line":140,"column":47}},"140":{"start":{"line":141,"column":0},"end":{"line":141,"column":32}},"141":{"start":{"line":142,"column":0},"end":{"line":142,"column":60}},"142":{"start":{"line":143,"column":0},"end":{"line":143,"column":42}},"146":{"start":{"line":147,"column":0},"end":{"line":147,"column":43}},"147":{"start":{"line":148,"column":0},"end":{"line":148,"column":44}},"148":{"start":{"line":149,"column":0},"end":{"line":149,"column":24}},"149":{"start":{"line":150,"column":0},"end":{"line":150,"column":22}},"151":{"start":{"line":152,"column":0},"end":{"line":152,"column":25}},"152":{"start":{"line":153,"column":0},"end":{"line":153,"column":40}},"153":{"start":{"line":154,"column":0},"end":{"line":154,"column":60}},"154":{"start":{"line":155,"column":0},"end":{"line":155,"column":12}},"155":{"start":{"line":156,"column":0},"end":{"line":156,"column":25}},"156":{"start":{"line":157,"column":0},"end":{"line":157,"column":5}},"158":{"start":{"line":159,"column":0},"end":{"line":159,"column":31}},"164":{"start":{"line":165,"column":0},"end":{"line":165,"column":42}},"165":{"start":{"line":166,"column":0},"end":{"line":166,"column":45}},"171":{"start":{"line":172,"column":0},"end":{"line":172,"column":48}},"173":{"start":{"line":174,"column":0},"end":{"line":174,"column":14}},"174":{"start":{"line":175,"column":0},"end":{"line":175,"column":18}},"175":{"start":{"line":176,"column":0},"end":{"line":176,"column":26}},"176":{"start":{"line":177,"column":0},"end":{"line":177,"column":31}},"177":{"start":{"line":178,"column":0},"end":{"line":178,"column":27}},"178":{"start":{"line":179,"column":0},"end":{"line":179,"column":21}},"179":{"start":{"line":180,"column":0},"end":{"line":180,"column":17}},"180":{"start":{"line":181,"column":0},"end":{"line":181,"column":7}},"187":{"start":{"line":188,"column":0},"end":{"line":188,"column":31}},"188":{"start":{"line":189,"column":0},"end":{"line":189,"column":26}},"189":{"start":{"line":190,"column":0},"end":{"line":190,"column":68}},"190":{"start":{"line":191,"column":0},"end":{"line":191,"column":25}},"191":{"start":{"line":192,"column":0},"end":{"line":192,"column":25}},"193":{"start":{"line":194,"column":0},"end":{"line":194,"column":15}},"194":{"start":{"line":195,"column":0},"end":{"line":195,"column":5}},"197":{"start":{"line":198,"column":0},"end":{"line":198,"column":21}},"198":{"start":{"line":199,"column":0},"end":{"line":199,"column":33}},"199":{"start":{"line":200,"column":0},"end":{"line":200,"column":47}},"202":{"start":{"line":203,"column":0},"end":{"line":203,"column":57}},"205":{"start":{"line":206,"column":0},"end":{"line":206,"column":33}},"206":{"start":{"line":207,"column":0},"end":{"line":207,"column":52}},"207":{"start":{"line":208,"column":0},"end":{"line":208,"column":32}},"208":{"start":{"line":209,"column":0},"end":{"line":209,"column":58}},"209":{"start":{"line":210,"column":0},"end":{"line":210,"column":5}},"210":{"start":{"line":211,"column":0},"end":{"line":211,"column":3}},"212":{"start":{"line":213,"column":0},"end":{"line":213,"column":13}},"213":{"start":{"line":214,"column":0},"end":{"line":214,"column":1}},"221":{"start":{"line":222,"column":0},"end":{"line":222,"column":70}},"222":{"start":{"line":223,"column":0},"end":{"line":223,"column":32}},"223":{"start":{"line":224,"column":0},"end":{"line":224,"column":43}},"224":{"start":{"line":225,"column":0},"end":{"line":225,"column":35}},"225":{"start":{"line":226,"column":0},"end":{"line":226,"column":28}},"226":{"start":{"line":227,"column":0},"end":{"line":227,"column":45}},"227":{"start":{"line":228,"column":0},"end":{"line":228,"column":26}},"228":{"start":{"line":229,"column":0},"end":{"line":229,"column":21}},"229":{"start":{"line":230,"column":0},"end":{"line":230,"column":24}},"230":{"start":{"line":231,"column":0},"end":{"line":231,"column":39}},"231":{"start":{"line":232,"column":0},"end":{"line":232,"column":21}},"232":{"start":{"line":233,"column":0},"end":{"line":233,"column":28}},"233":{"start":{"line":234,"column":0},"end":{"line":234,"column":3}},"234":{"start":{"line":235,"column":0},"end":{"line":235,"column":13}},"235":{"start":{"line":236,"column":0},"end":{"line":236,"column":1}},"238":{"start":{"line":239,"column":0},"end":{"line":239,"column":61}},"239":{"start":{"line":240,"column":0},"end":{"line":240,"column":44}},"240":{"start":{"line":241,"column":0},"end":{"line":241,"column":84}},"242":{"start":{"line":243,"column":0},"end":{"line":243,"column":44}},"243":{"start":{"line":244,"column":0},"end":{"line":244,"column":59}},"244":{"start":{"line":245,"column":0},"end":{"line":245,"column":15}},"245":{"start":{"line":246,"column":0},"end":{"line":246,"column":1}},"253":{"start":{"line":254,"column":0},"end":{"line":254,"column":65}},"254":{"start":{"line":255,"column":0},"end":{"line":255,"column":45}},"255":{"start":{"line":256,"column":0},"end":{"line":256,"column":60}},"256":{"start":{"line":257,"column":0},"end":{"line":257,"column":9}},"257":{"start":{"line":258,"column":0},"end":{"line":258,"column":39}},"258":{"start":{"line":259,"column":0},"end":{"line":259,"column":13}},"260":{"start":{"line":261,"column":0},"end":{"line":261,"column":5}},"261":{"start":{"line":262,"column":0},"end":{"line":262,"column":3}},"264":{"start":{"line":265,"column":0},"end":{"line":265,"column":55}},"265":{"start":{"line":266,"column":0},"end":{"line":266,"column":1}},"268":{"start":{"line":269,"column":0},"end":{"line":269,"column":30}},"269":{"start":{"line":270,"column":0},"end":{"line":270,"column":5}},"270":{"start":{"line":271,"column":0},"end":{"line":271,"column":3}},"271":{"start":{"line":272,"column":0},"end":{"line":272,"column":19}},"272":{"start":{"line":273,"column":0},"end":{"line":273,"column":55}},"273":{"start":{"line":274,"column":0},"end":{"line":274,"column":16}},"274":{"start":{"line":275,"column":0},"end":{"line":275,"column":6}},"275":{"start":{"line":276,"column":0},"end":{"line":276,"column":4}},"276":{"start":{"line":277,"column":0},"end":{"line":277,"column":2}},"279":{"start":{"line":280,"column":0},"end":{"line":280,"column":82}},"280":{"start":{"line":281,"column":0},"end":{"line":281,"column":10}},"281":{"start":{"line":282,"column":0},"end":{"line":282,"column":39}},"282":{"start":{"line":283,"column":0},"end":{"line":283,"column":41}},"283":{"start":{"line":284,"column":0},"end":{"line":284,"column":29}},"284":{"start":{"line":285,"column":0},"end":{"line":285,"column":49}},"285":{"start":{"line":286,"column":0},"end":{"line":286,"column":45}},"286":{"start":{"line":287,"column":0},"end":{"line":287,"column":37}},"287":{"start":{"line":288,"column":0},"end":{"line":288,"column":49}},"288":{"start":{"line":289,"column":0},"end":{"line":289,"column":4}},"289":{"start":{"line":290,"column":0},"end":{"line":290,"column":1}},"291":{"start":{"line":292,"column":0},"end":{"line":292,"column":44}},"292":{"start":{"line":293,"column":0},"end":{"line":293,"column":23}},"294":{"start":{"line":295,"column":0},"end":{"line":295,"column":30}},"295":{"start":{"line":296,"column":0},"end":{"line":296,"column":36}},"296":{"start":{"line":297,"column":0},"end":{"line":297,"column":1}},"298":{"start":{"line":299,"column":0},"end":{"line":299,"column":48}},"299":{"start":{"line":300,"column":0},"end":{"line":300,"column":25}},"300":{"start":{"line":301,"column":0},"end":{"line":301,"column":32}},"301":{"start":{"line":302,"column":0},"end":{"line":302,"column":35}},"303":{"start":{"line":304,"column":0},"end":{"line":304,"column":35}},"304":{"start":{"line":305,"column":0},"end":{"line":305,"column":37}},"305":{"start":{"line":306,"column":0},"end":{"line":306,"column":13}},"306":{"start":{"line":307,"column":0},"end":{"line":307,"column":1}}},"s":{"25":1,"74":1,"75":60,"76":60,"77":60,"87":60,"90":60,"91":60,"96":60,"100":60,"106":60,"108":60,"109":2857,"111":2857,"112":1317,"113":1317,"114":1317,"115":1317,"116":1317,"117":1317,"118":1317,"120":1540,"124":1540,"127":1505,"132":1493,"133":1493,"138":1399,"139":1399,"140":1399,"141":2857,"142":2857,"146":2857,"147":2857,"148":2857,"149":2857,"151":60,"152":2857,"153":801,"154":1339,"155":538,"156":538,"158":1399,"164":1399,"165":1399,"171":1399,"173":1399,"174":1399,"175":1399,"176":1399,"177":1399,"178":1399,"179":1399,"180":1399,"187":1399,"188":1399,"189":2857,"190":2857,"191":82,"193":82,"194":82,"197":1317,"198":1317,"199":1317,"202":1317,"205":1317,"206":2687,"207":1480,"208":1480,"209":1480,"210":1317,"212":60,"213":60,"221":1377,"222":1377,"223":1377,"224":1377,"225":1377,"226":1377,"227":1540,"228":1540,"229":1540,"230":1540,"231":1540,"232":1540,"233":1540,"234":1377,"235":1377,"238":1493,"239":1493,"240":1493,"242":1410,"243":1493,"244":1399,"245":1399,"253":1493,"254":1493,"255":1493,"256":1493,"257":1493,"258":1493,"260":0,"261":1493,"264":0,"265":0,"268":1,"269":1,"270":1,"271":1,"272":0,"273":0,"274":0,"275":1,"276":1,"279":1,"280":5519,"281":5519,"282":5519,"283":5519,"284":5519,"285":5519,"286":5519,"287":5519,"288":5519,"289":5519,"291":11038,"292":11038,"294":11038,"295":11038,"296":11038,"298":5519,"299":5519,"300":5519,"301":5519,"303":5519,"304":5269,"305":0,"306":0},"branchMap":{"0":{"type":"branch","line":75,"loc":{"start":{"line":75,"column":7},"end":{"line":214,"column":1}},"locations":[{"start":{"line":75,"column":7},"end":{"line":214,"column":1}}]},"1":{"type":"branch","line":78,"loc":{"start":{"line":78,"column":13},"end":{"line":78,"column":24}},"locations":[{"start":{"line":78,"column":13},"end":{"line":78,"column":24}}]},"2":{"type":"branch","line":109,"loc":{"start":{"line":109,"column":27},"end":{"line":211,"column":3}},"locations":[{"start":{"line":109,"column":27},"end":{"line":211,"column":3}}]},"3":{"type":"branch","line":112,"loc":{"start":{"line":112,"column":31},"end":{"line":119,"column":5}},"locations":[{"start":{"line":112,"column":31},"end":{"line":119,"column":5}}]},"4":{"type":"branch","line":117,"loc":{"start":{"line":117,"column":33},"end":{"line":117,"column":52}},"locations":[{"start":{"line":117,"column":33},"end":{"line":117,"column":52}}]},"5":{"type":"branch","line":119,"loc":{"start":{"line":119,"column":4},"end":{"line":125,"column":44}},"locations":[{"start":{"line":119,"column":4},"end":{"line":125,"column":44}}]},"6":{"type":"branch","line":125,"loc":{"start":{"line":125,"column":35},"end":{"line":125,"column":44}},"locations":[{"start":{"line":125,"column":35},"end":{"line":125,"column":44}}]},"7":{"type":"branch","line":125,"loc":{"start":{"line":125,"column":35},"end":{"line":128,"column":60}},"locations":[{"start":{"line":125,"column":35},"end":{"line":128,"column":60}}]},"8":{"type":"branch","line":128,"loc":{"start":{"line":128,"column":51},"end":{"line":128,"column":60}},"locations":[{"start":{"line":128,"column":51},"end":{"line":128,"column":60}}]},"9":{"type":"branch","line":128,"loc":{"start":{"line":128,"column":51},"end":{"line":134,"column":39}},"locations":[{"start":{"line":128,"column":51},"end":{"line":134,"column":39}}]},"10":{"type":"branch","line":134,"loc":{"start":{"line":134,"column":30},"end":{"line":134,"column":39}},"locations":[{"start":{"line":134,"column":30},"end":{"line":134,"column":39}}]},"11":{"type":"branch","line":134,"loc":{"start":{"line":134,"column":30},"end":{"line":142,"column":58}},"locations":[{"start":{"line":134,"column":30},"end":{"line":142,"column":58}}]},"12":{"type":"branch","line":134,"loc":{"start":{"line":134,"column":30},"end":{"line":142,"column":53}},"locations":[{"start":{"line":134,"column":30},"end":{"line":142,"column":53}}]},"13":{"type":"branch","line":142,"loc":{"start":{"line":142,"column":48},"end":{"line":142,"column":58}},"locations":[{"start":{"line":142,"column":48},"end":{"line":142,"column":58}}]},"14":{"type":"branch","line":150,"loc":{"start":{"line":150,"column":21},"end":{"line":153,"column":15}},"locations":[{"start":{"line":150,"column":21},"end":{"line":153,"column":15}}]},"15":{"type":"branch","line":153,"loc":{"start":{"line":153,"column":4},"end":{"line":157,"column":5}},"locations":[{"start":{"line":153,"column":4},"end":{"line":157,"column":5}}]},"16":{"type":"branch","line":153,"loc":{"start":{"line":153,"column":39},"end":{"line":155,"column":11}},"locations":[{"start":{"line":153,"column":39},"end":{"line":155,"column":11}}]},"17":{"type":"branch","line":155,"loc":{"start":{"line":155,"column":4},"end":{"line":157,"column":5}},"locations":[{"start":{"line":155,"column":4},"end":{"line":157,"column":5}}]},"18":{"type":"branch","line":157,"loc":{"start":{"line":157,"column":4},"end":{"line":190,"column":50}},"locations":[{"start":{"line":157,"column":4},"end":{"line":190,"column":50}}]},"19":{"type":"branch","line":157,"loc":{"start":{"line":157,"column":4},"end":{"line":190,"column":29}},"locations":[{"start":{"line":157,"column":4},"end":{"line":190,"column":29}}]},"20":{"type":"branch","line":190,"loc":{"start":{"line":190,"column":18},"end":{"line":190,"column":50}},"locations":[{"start":{"line":190,"column":18},"end":{"line":190,"column":50}}]},"21":{"type":"branch","line":190,"loc":{"start":{"line":190,"column":41},"end":{"line":190,"column":68}},"locations":[{"start":{"line":190,"column":41},"end":{"line":190,"column":68}}]},"22":{"type":"branch","line":191,"loc":{"start":{"line":191,"column":24},"end":{"line":195,"column":5}},"locations":[{"start":{"line":191,"column":24},"end":{"line":195,"column":5}}]},"23":{"type":"branch","line":195,"loc":{"start":{"line":195,"column":4},"end":{"line":211,"column":3}},"locations":[{"start":{"line":195,"column":4},"end":{"line":211,"column":3}}]},"24":{"type":"branch","line":195,"loc":{"start":{"line":195,"column":4},"end":{"line":207,"column":51}},"locations":[{"start":{"line":195,"column":4},"end":{"line":207,"column":51}}]},"25":{"type":"branch","line":207,"loc":{"start":{"line":207,"column":51},"end":{"line":210,"column":5}},"locations":[{"start":{"line":207,"column":51},"end":{"line":210,"column":5}}]},"26":{"type":"branch","line":210,"loc":{"start":{"line":210,"column":4},"end":{"line":211,"column":3}},"locations":[{"start":{"line":210,"column":4},"end":{"line":211,"column":3}}]},"27":{"type":"branch","line":222,"loc":{"start":{"line":222,"column":0},"end":{"line":236,"column":1}},"locations":[{"start":{"line":222,"column":0},"end":{"line":236,"column":1}}]},"28":{"type":"branch","line":226,"loc":{"start":{"line":226,"column":17},"end":{"line":226,"column":28}},"locations":[{"start":{"line":226,"column":17},"end":{"line":226,"column":28}}]},"29":{"type":"branch","line":227,"loc":{"start":{"line":227,"column":44},"end":{"line":234,"column":3}},"locations":[{"start":{"line":227,"column":44},"end":{"line":234,"column":3}}]},"30":{"type":"branch","line":229,"loc":{"start":{"line":229,"column":12},"end":{"line":229,"column":21}},"locations":[{"start":{"line":229,"column":12},"end":{"line":229,"column":21}}]},"31":{"type":"branch","line":231,"loc":{"start":{"line":231,"column":27},"end":{"line":231,"column":37}},"locations":[{"start":{"line":231,"column":27},"end":{"line":231,"column":37}}]},"32":{"type":"branch","line":233,"loc":{"start":{"line":233,"column":17},"end":{"line":233,"column":28}},"locations":[{"start":{"line":233,"column":17},"end":{"line":233,"column":28}}]},"33":{"type":"branch","line":239,"loc":{"start":{"line":239,"column":0},"end":{"line":246,"column":1}},"locations":[{"start":{"line":239,"column":0},"end":{"line":246,"column":1}}]},"34":{"type":"branch","line":240,"loc":{"start":{"line":240,"column":32},"end":{"line":240,"column":44}},"locations":[{"start":{"line":240,"column":32},"end":{"line":240,"column":44}}]},"35":{"type":"branch","line":240,"loc":{"start":{"line":240,"column":39},"end":{"line":241,"column":72}},"locations":[{"start":{"line":240,"column":39},"end":{"line":241,"column":72}}]},"36":{"type":"branch","line":240,"loc":{"start":{"line":240,"column":39},"end":{"line":241,"column":39}},"locations":[{"start":{"line":240,"column":39},"end":{"line":241,"column":39}}]},"37":{"type":"branch","line":241,"loc":{"start":{"line":241,"column":27},"end":{"line":241,"column":72}},"locations":[{"start":{"line":241,"column":27},"end":{"line":241,"column":72}}]},"38":{"type":"branch","line":241,"loc":{"start":{"line":241,"column":72},"end":{"line":241,"column":84}},"locations":[{"start":{"line":241,"column":72},"end":{"line":241,"column":84}}]},"39":{"type":"branch","line":241,"loc":{"start":{"line":241,"column":79},"end":{"line":244,"column":32}},"locations":[{"start":{"line":241,"column":79},"end":{"line":244,"column":32}}]},"40":{"type":"branch","line":244,"loc":{"start":{"line":244,"column":27},"end":{"line":244,"column":47}},"locations":[{"start":{"line":244,"column":27},"end":{"line":244,"column":47}}]},"41":{"type":"branch","line":244,"loc":{"start":{"line":244,"column":47},"end":{"line":244,"column":59}},"locations":[{"start":{"line":244,"column":47},"end":{"line":244,"column":59}}]},"42":{"type":"branch","line":244,"loc":{"start":{"line":244,"column":54},"end":{"line":246,"column":1}},"locations":[{"start":{"line":244,"column":54},"end":{"line":246,"column":1}}]},"43":{"type":"branch","line":254,"loc":{"start":{"line":254,"column":0},"end":{"line":266,"column":1}},"locations":[{"start":{"line":254,"column":0},"end":{"line":266,"column":1}}]},"44":{"type":"branch","line":259,"loc":{"start":{"line":259,"column":4},"end":{"line":261,"column":5}},"locations":[{"start":{"line":259,"column":4},"end":{"line":261,"column":5}}]},"45":{"type":"branch","line":262,"loc":{"start":{"line":262,"column":2},"end":{"line":266,"column":1}},"locations":[{"start":{"line":262,"column":2},"end":{"line":266,"column":1}}]},"46":{"type":"branch","line":280,"loc":{"start":{"line":280,"column":7},"end":{"line":290,"column":1}},"locations":[{"start":{"line":280,"column":7},"end":{"line":290,"column":1}}]},"47":{"type":"branch","line":282,"loc":{"start":{"line":282,"column":22},"end":{"line":282,"column":39}},"locations":[{"start":{"line":282,"column":22},"end":{"line":282,"column":39}}]},"48":{"type":"branch","line":284,"loc":{"start":{"line":284,"column":17},"end":{"line":284,"column":29}},"locations":[{"start":{"line":284,"column":17},"end":{"line":284,"column":29}}]},"49":{"type":"branch","line":285,"loc":{"start":{"line":285,"column":27},"end":{"line":285,"column":49}},"locations":[{"start":{"line":285,"column":27},"end":{"line":285,"column":49}}]},"50":{"type":"branch","line":287,"loc":{"start":{"line":287,"column":21},"end":{"line":287,"column":37}},"locations":[{"start":{"line":287,"column":21},"end":{"line":287,"column":37}}]},"51":{"type":"branch","line":292,"loc":{"start":{"line":292,"column":0},"end":{"line":297,"column":1}},"locations":[{"start":{"line":292,"column":0},"end":{"line":297,"column":1}}]},"52":{"type":"branch","line":293,"loc":{"start":{"line":293,"column":14},"end":{"line":293,"column":23}},"locations":[{"start":{"line":293,"column":14},"end":{"line":293,"column":23}}]},"53":{"type":"branch","line":296,"loc":{"start":{"line":296,"column":26},"end":{"line":296,"column":34}},"locations":[{"start":{"line":296,"column":26},"end":{"line":296,"column":34}}]},"54":{"type":"branch","line":296,"loc":{"start":{"line":296,"column":30},"end":{"line":296,"column":36}},"locations":[{"start":{"line":296,"column":30},"end":{"line":296,"column":36}}]},"55":{"type":"branch","line":299,"loc":{"start":{"line":299,"column":0},"end":{"line":307,"column":1}},"locations":[{"start":{"line":299,"column":0},"end":{"line":307,"column":1}}]},"56":{"type":"branch","line":300,"loc":{"start":{"line":300,"column":14},"end":{"line":300,"column":25}},"locations":[{"start":{"line":300,"column":14},"end":{"line":300,"column":25}}]},"57":{"type":"branch","line":302,"loc":{"start":{"line":302,"column":26},"end":{"line":302,"column":35}},"locations":[{"start":{"line":302,"column":26},"end":{"line":302,"column":35}}]},"58":{"type":"branch","line":302,"loc":{"start":{"line":302,"column":33},"end":{"line":304,"column":31}},"locations":[{"start":{"line":302,"column":33},"end":{"line":304,"column":31}}]},"59":{"type":"branch","line":304,"loc":{"start":{"line":304,"column":24},"end":{"line":304,"column":35}},"locations":[{"start":{"line":304,"column":24},"end":{"line":304,"column":35}}]},"60":{"type":"branch","line":304,"loc":{"start":{"line":304,"column":31},"end":{"line":305,"column":37}},"locations":[{"start":{"line":304,"column":31},"end":{"line":305,"column":37}}]},"61":{"type":"branch","line":305,"loc":{"start":{"line":305,"column":33},"end":{"line":307,"column":1}},"locations":[{"start":{"line":305,"column":33},"end":{"line":307,"column":1}}]}},"b":{"0":[60],"1":[0],"2":[2857],"3":[1317],"4":[0],"5":[1540],"6":[35],"7":[1505],"8":[12],"9":[1493],"10":[94],"11":[2853],"12":[1399],"13":[789],"14":[60],"15":[1339],"16":[801],"17":[538],"18":[2415],"19":[1399],"20":[1351],"21":[1317],"22":[82],"23":[2687],"24":[1317],"25":[1480],"26":[1317],"27":[1377],"28":[0],"29":[1540],"30":[0],"31":[886],"32":[193],"33":[1493],"34":[72],"35":[1445],"36":[1421],"37":[1410],"38":[11],"39":[1410],"40":[11],"41":[11],"42":[1399],"43":[1493],"44":[0],"45":[0],"46":[5519],"47":[2],"48":[3601],"49":[5489],"50":[4549],"51":[11038],"52":[0],"53":[6064],"54":[4974],"55":[5519],"56":[0],"57":[249],"58":[5270],"59":[1],"60":[5269],"61":[0]},"fnMap":{"0":{"name":"walkDom","decl":{"start":{"line":75,"column":7},"end":{"line":214,"column":1}},"loc":{"start":{"line":75,"column":7},"end":{"line":214,"column":1}},"line":75},"1":{"name":"computeMultiTagSet","decl":{"start":{"line":222,"column":0},"end":{"line":236,"column":1}},"loc":{"start":{"line":222,"column":0},"end":{"line":236,"column":1}},"line":222},"2":{"name":"isHiddenStyle","decl":{"start":{"line":239,"column":0},"end":{"line":246,"column":1}},"loc":{"start":{"line":239,"column":0},"end":{"line":246,"column":1}},"line":239},"3":{"name":"getComputedStyleSafe","decl":{"start":{"line":254,"column":0},"end":{"line":266,"column":1}},"loc":{"start":{"line":254,"column":0},"end":{"line":266,"column":1}},"line":254},"4":{"name":"get","decl":{"start":{"line":272,"column":4},"end":{"line":275,"column":6}},"loc":{"start":{"line":272,"column":4},"end":{"line":275,"column":6}},"line":272},"5":{"name":"snapshotComputedStyle","decl":{"start":{"line":280,"column":7},"end":{"line":290,"column":1}},"loc":{"start":{"line":280,"column":7},"end":{"line":290,"column":1}},"line":280},"6":{"name":"pxToNumber","decl":{"start":{"line":292,"column":0},"end":{"line":297,"column":1}},"loc":{"start":{"line":292,"column":0},"end":{"line":297,"column":1}},"line":292},"7":{"name":"weightToNumber","decl":{"start":{"line":299,"column":0},"end":{"line":307,"column":1}},"loc":{"start":{"line":299,"column":0},"end":{"line":307,"column":1}},"line":299}},"f":{"0":60,"1":1377,"2":1493,"3":1493,"4":0,"5":5519,"6":11038,"7":5519}}
,"/Users/zee/Documents/Vibe Coding/ACOS 3.0/apps/visual-composer/src/parser/index.ts": {"path":"/Users/zee/Documents/Vibe Coding/ACOS 3.0/apps/visual-composer/src/parser/index.ts","all":false,"statementMap":{"0":{"start":{"line":1,"column":0},"end":{"line":1,"column":55}},"106":{"start":{"line":107,"column":0},"end":{"line":107,"column":30}},"107":{"start":{"line":108,"column":0},"end":{"line":108,"column":15}},"108":{"start":{"line":109,"column":0},"end":{"line":109,"column":24}},"109":{"start":{"line":110,"column":0},"end":{"line":110,"column":31}},"110":{"start":{"line":111,"column":0},"end":{"line":111,"column":51}},"114":{"start":{"line":115,"column":0},"end":{"line":115,"column":50}},"116":{"start":{"line":117,"column":0},"end":{"line":117,"column":65}},"117":{"start":{"line":118,"column":0},"end":{"line":118,"column":30}},"121":{"start":{"line":122,"column":0},"end":{"line":122,"column":44}},"126":{"start":{"line":127,"column":0},"end":{"line":127,"column":59}},"128":{"start":{"line":129,"column":0},"end":{"line":129,"column":30}},"129":{"start":{"line":130,"column":0},"end":{"line":130,"column":37}},"141":{"start":{"line":142,"column":0},"end":{"line":142,"column":46}},"142":{"start":{"line":143,"column":0},"end":{"line":143,"column":63}},"143":{"start":{"line":144,"column":0},"end":{"line":144,"column":35}},"144":{"start":{"line":145,"column":0},"end":{"line":145,"column":17}},"145":{"start":{"line":146,"column":0},"end":{"line":146,"column":6}},"147":{"start":{"line":148,"column":0},"end":{"line":148,"column":24}},"148":{"start":{"line":149,"column":0},"end":{"line":149,"column":51}},"149":{"start":{"line":150,"column":0},"end":{"line":150,"column":48}},"153":{"start":{"line":154,"column":0},"end":{"line":154,"column":63}},"154":{"start":{"line":155,"column":0},"end":{"line":155,"column":33}},"159":{"start":{"line":160,"column":0},"end":{"line":160,"column":65}},"160":{"start":{"line":161,"column":0},"end":{"line":161,"column":12}},"161":{"start":{"line":162,"column":0},"end":{"line":162,"column":43}},"162":{"start":{"line":163,"column":0},"end":{"line":163,"column":59}},"163":{"start":{"line":164,"column":0},"end":{"line":164,"column":5}},"176":{"start":{"line":177,"column":0},"end":{"line":177,"column":37}},"177":{"start":{"line":178,"column":0},"end":{"line":178,"column":20}},"178":{"start":{"line":179,"column":0},"end":{"line":179,"column":43}},"179":{"start":{"line":180,"column":0},"end":{"line":180,"column":52}},"180":{"start":{"line":181,"column":0},"end":{"line":181,"column":17}},"181":{"start":{"line":182,"column":0},"end":{"line":182,"column":9}},"182":{"start":{"line":183,"column":0},"end":{"line":183,"column":6}},"183":{"start":{"line":184,"column":0},"end":{"line":184,"column":3}},"187":{"start":{"line":188,"column":0},"end":{"line":188,"column":50}},"188":{"start":{"line":189,"column":0},"end":{"line":189,"column":42}},"189":{"start":{"line":190,"column":0},"end":{"line":190,"column":30}},"190":{"start":{"line":191,"column":0},"end":{"line":191,"column":38}},"191":{"start":{"line":192,"column":0},"end":{"line":192,"column":3}},"193":{"start":{"line":194,"column":0},"end":{"line":194,"column":67}},"201":{"start":{"line":202,"column":0},"end":{"line":202,"column":63}},"202":{"start":{"line":203,"column":0},"end":{"line":203,"column":70}},"212":{"start":{"line":213,"column":0},"end":{"line":213,"column":50}},"214":{"start":{"line":215,"column":0},"end":{"line":215,"column":18}},"215":{"start":{"line":216,"column":0},"end":{"line":216,"column":1}},"226":{"start":{"line":227,"column":0},"end":{"line":227,"column":55}},"227":{"start":{"line":228,"column":0},"end":{"line":228,"column":34}},"228":{"start":{"line":229,"column":0},"end":{"line":229,"column":20}},"229":{"start":{"line":230,"column":0},"end":{"line":230,"column":62}},"230":{"start":{"line":231,"column":0},"end":{"line":231,"column":80}},"231":{"start":{"line":232,"column":0},"end":{"line":232,"column":62}},"233":{"start":{"line":234,"column":0},"end":{"line":234,"column":6}},"234":{"start":{"line":235,"column":0},"end":{"line":235,"column":3}},"235":{"start":{"line":236,"column":0},"end":{"line":236,"column":1}}},"s":{"0":1,"106":61,"107":61,"108":61,"109":61,"110":61,"114":61,"116":60,"117":60,"121":60,"126":60,"128":61,"129":1399,"141":1399,"142":1399,"143":849,"144":849,"145":849,"147":1399,"148":30,"149":1399,"153":34,"154":1369,"159":48,"160":1335,"161":1287,"162":1287,"163":1287,"176":1399,"177":1399,"178":1399,"179":1399,"180":1399,"181":1399,"182":1399,"183":1399,"187":60,"188":60,"189":61,"190":1399,"191":1399,"193":60,"201":61,"202":61,"212":61,"214":60,"215":60,"226":921,"227":921,"228":0,"229":0,"230":0,"231":0,"233":0,"234":0,"235":921},"branchMap":{"0":{"type":"branch","line":107,"loc":{"start":{"line":107,"column":0},"end":{"line":216,"column":1}},"locations":[{"start":{"line":107,"column":0},"end":{"line":216,"column":1}}]},"1":{"type":"branch","line":111,"loc":{"start":{"line":111,"column":7},"end":{"line":111,"column":41}},"locations":[{"start":{"line":111,"column":7},"end":{"line":111,"column":41}}]},"2":{"type":"branch","line":111,"loc":{"start":{"line":111,"column":41},"end":{"line":111,"column":51}},"locations":[{"start":{"line":111,"column":41},"end":{"line":111,"column":51}}]},"3":{"type":"branch","line":111,"loc":{"start":{"line":111,"column":49},"end":{"line":115,"column":47}},"locations":[{"start":{"line":111,"column":49},"end":{"line":115,"column":47}}]},"4":{"type":"branch","line":115,"loc":{"start":{"line":115,"column":40},"end":{"line":115,"column":50}},"locations":[{"start":{"line":115,"column":40},"end":{"line":115,"column":50}}]},"5":{"type":"branch","line":115,"loc":{"start":{"line":115,"column":48},"end":{"line":129,"column":29}},"locations":[{"start":{"line":115,"column":48},"end":{"line":129,"column":29}}]},"6":{"type":"branch","line":129,"loc":{"start":{"line":129,"column":29},"end":{"line":184,"column":3}},"locations":[{"start":{"line":129,"column":29},"end":{"line":184,"column":3}}]},"7":{"type":"branch","line":142,"loc":{"start":{"line":142,"column":29},"end":{"line":142,"column":46}},"locations":[{"start":{"line":142,"column":29},"end":{"line":142,"column":46}}]},"8":{"type":"branch","line":148,"loc":{"start":{"line":148,"column":23},"end":{"line":150,"column":15}},"locations":[{"start":{"line":148,"column":23},"end":{"line":150,"column":15}}]},"9":{"type":"branch","line":150,"loc":{"start":{"line":150,"column":4},"end":{"line":164,"column":5}},"locations":[{"start":{"line":150,"column":4},"end":{"line":164,"column":5}}]},"10":{"type":"branch","line":150,"loc":{"start":{"line":150,"column":23},"end":{"line":150,"column":47}},"locations":[{"start":{"line":150,"column":23},"end":{"line":150,"column":47}}]},"11":{"type":"branch","line":150,"loc":{"start":{"line":150,"column":47},"end":{"line":155,"column":15}},"locations":[{"start":{"line":150,"column":47},"end":{"line":155,"column":15}}]},"12":{"type":"branch","line":155,"loc":{"start":{"line":155,"column":4},"end":{"line":164,"column":5}},"locations":[{"start":{"line":155,"column":4},"end":{"line":164,"column":5}}]},"13":{"type":"branch","line":155,"loc":{"start":{"line":155,"column":32},"end":{"line":161,"column":11}},"locations":[{"start":{"line":155,"column":32},"end":{"line":161,"column":11}}]},"14":{"type":"branch","line":161,"loc":{"start":{"line":161,"column":4},"end":{"line":164,"column":5}},"locations":[{"start":{"line":161,"column":4},"end":{"line":164,"column":5}}]},"15":{"type":"branch","line":163,"loc":{"start":{"line":163,"column":22},"end":{"line":163,"column":59}},"locations":[{"start":{"line":163,"column":22},"end":{"line":163,"column":59}}]},"16":{"type":"branch","line":184,"loc":{"start":{"line":184,"column":2},"end":{"line":190,"column":29}},"locations":[{"start":{"line":184,"column":2},"end":{"line":190,"column":29}}]},"17":{"type":"branch","line":190,"loc":{"start":{"line":190,"column":29},"end":{"line":192,"column":3}},"locations":[{"start":{"line":190,"column":29},"end":{"line":192,"column":3}}]},"18":{"type":"branch","line":191,"loc":{"start":{"line":191,"column":20},"end":{"line":191,"column":38}},"locations":[{"start":{"line":191,"column":20},"end":{"line":191,"column":38}}]},"19":{"type":"branch","line":192,"loc":{"start":{"line":192,"column":2},"end":{"line":202,"column":38}},"locations":[{"start":{"line":192,"column":2},"end":{"line":202,"column":38}}]},"20":{"type":"branch","line":202,"loc":{"start":{"line":202,"column":32},"end":{"line":202,"column":57}},"locations":[{"start":{"line":202,"column":32},"end":{"line":202,"column":57}}]},"21":{"type":"branch","line":213,"loc":{"start":{"line":213,"column":28},"end":{"line":213,"column":50}},"locations":[{"start":{"line":213,"column":28},"end":{"line":213,"column":50}}]},"22":{"type":"branch","line":213,"loc":{"start":{"line":213,"column":48},"end":{"line":216,"column":1}},"locations":[{"start":{"line":213,"column":48},"end":{"line":216,"column":1}}]},"23":{"type":"branch","line":143,"loc":{"start":{"line":143,"column":19},"end":{"line":146,"column":6}},"locations":[{"start":{"line":143,"column":19},"end":{"line":146,"column":6}}]},"24":{"type":"branch","line":179,"loc":{"start":{"line":179,"column":35},"end":{"line":182,"column":7}},"locations":[{"start":{"line":179,"column":35},"end":{"line":182,"column":7}}]},"25":{"type":"branch","line":180,"loc":{"start":{"line":180,"column":24},"end":{"line":180,"column":52}},"locations":[{"start":{"line":180,"column":24},"end":{"line":180,"column":52}}]},"26":{"type":"branch","line":227,"loc":{"start":{"line":227,"column":0},"end":{"line":236,"column":1}},"locations":[{"start":{"line":227,"column":0},"end":{"line":236,"column":1}}]},"27":{"type":"branch","line":228,"loc":{"start":{"line":228,"column":33},"end":{"line":235,"column":3}},"locations":[{"start":{"line":228,"column":33},"end":{"line":235,"column":3}}]}},"b":{"0":[61],"1":[60],"2":[1],"3":[60],"4":[0],"5":[60],"6":[1399],"7":[0],"8":[30],"9":[1369],"10":[1335],"11":[34],"12":[1335],"13":[48],"14":[1287],"15":[737],"16":[60],"17":[1399],"18":[72],"19":[60],"20":[7],"21":[921],"22":[60],"23":[849],"24":[1399],"25":[72],"26":[921],"27":[0]},"fnMap":{"0":{"name":"extract","decl":{"start":{"line":107,"column":0},"end":{"line":216,"column":1}},"loc":{"start":{"line":107,"column":0},"end":{"line":216,"column":1}},"line":107},"1":{"name":"attach","decl":{"start":{"line":143,"column":19},"end":{"line":146,"column":6}},"loc":{"start":{"line":143,"column":19},"end":{"line":146,"column":6}},"line":143},"2":{"name":"assertKindCoherent","decl":{"start":{"line":227,"column":0},"end":{"line":236,"column":1}},"loc":{"start":{"line":227,"column":0},"end":{"line":236,"column":1}},"line":227}},"f":{"0":61,"1":849,"2":921}}
,"/Users/zee/Documents/Vibe Coding/ACOS 3.0/apps/visual-composer/src/parser/extractors/background.ts": {"path":"/Users/zee/Documents/Vibe Coding/ACOS 3.0/apps/visual-composer/src/parser/extractors/background.ts","all":false,"statementMap":{"0":{"start":{"line":1,"column":0},"end":{"line":1,"column":73}},"36":{"start":{"line":37,"column":0},"end":{"line":37,"column":35}},"47":{"start":{"line":48,"column":0},"end":{"line":48,"column":40}},"48":{"start":{"line":49,"column":0},"end":{"line":49,"column":19}},"49":{"start":{"line":50,"column":0},"end":{"line":50,"column":36}},"50":{"start":{"line":51,"column":0},"end":{"line":51,"column":26}},"55":{"start":{"line":56,"column":0},"end":{"line":56,"column":35}},"56":{"start":{"line":57,"column":0},"end":{"line":57,"column":58}},"57":{"start":{"line":58,"column":0},"end":{"line":58,"column":56}},"63":{"start":{"line":64,"column":0},"end":{"line":64,"column":59}},"64":{"start":{"line":65,"column":0},"end":{"line":65,"column":54}},"65":{"start":{"line":66,"column":0},"end":{"line":66,"column":27}},"69":{"start":{"line":70,"column":0},"end":{"line":70,"column":59}},"70":{"start":{"line":71,"column":0},"end":{"line":71,"column":21}},"71":{"start":{"line":72,"column":0},"end":{"line":72,"column":65}},"72":{"start":{"line":73,"column":0},"end":{"line":73,"column":16}},"73":{"start":{"line":74,"column":0},"end":{"line":74,"column":3}},"75":{"start":{"line":76,"column":0},"end":{"line":76,"column":74}},"76":{"start":{"line":77,"column":0},"end":{"line":77,"column":25}},"78":{"start":{"line":79,"column":0},"end":{"line":79,"column":71}},"79":{"start":{"line":80,"column":0},"end":{"line":80,"column":80}},"81":{"start":{"line":82,"column":0},"end":{"line":82,"column":38}},"82":{"start":{"line":83,"column":0},"end":{"line":83,"column":23}},"83":{"start":{"line":84,"column":0},"end":{"line":84,"column":21}},"84":{"start":{"line":85,"column":0},"end":{"line":85,"column":29}},"85":{"start":{"line":86,"column":0},"end":{"line":86,"column":31}},"86":{"start":{"line":87,"column":0},"end":{"line":87,"column":19}},"87":{"start":{"line":88,"column":0},"end":{"line":88,"column":23}},"88":{"start":{"line":89,"column":0},"end":{"line":89,"column":4}},"90":{"start":{"line":91,"column":0},"end":{"line":91,"column":10}},"91":{"start":{"line":92,"column":0},"end":{"line":92,"column":41}},"92":{"start":{"line":93,"column":0},"end":{"line":93,"column":23}},"93":{"start":{"line":94,"column":0},"end":{"line":94,"column":38}},"94":{"start":{"line":95,"column":0},"end":{"line":95,"column":55}},"95":{"start":{"line":96,"column":0},"end":{"line":96,"column":48}},"96":{"start":{"line":97,"column":0},"end":{"line":97,"column":12}},"97":{"start":{"line":98,"column":0},"end":{"line":98,"column":4}},"98":{"start":{"line":99,"column":0},"end":{"line":99,"column":1}},"118":{"start":{"line":119,"column":0},"end":{"line":119,"column":59}},"119":{"start":{"line":120,"column":0},"end":{"line":120,"column":16}},"120":{"start":{"line":121,"column":0},"end":{"line":121,"column":37}},"121":{"start":{"line":122,"column":0},"end":{"line":122,"column":42}},"122":{"start":{"line":123,"column":0},"end":{"line":123,"column":25}},"123":{"start":{"line":124,"column":0},"end":{"line":124,"column":16}},"124":{"start":{"line":125,"column":0},"end":{"line":125,"column":62}},"125":{"start":{"line":126,"column":0},"end":{"line":126,"column":15}},"126":{"start":{"line":127,"column":0},"end":{"line":127,"column":5}},"127":{"start":{"line":128,"column":0},"end":{"line":128,"column":35}},"128":{"start":{"line":129,"column":0},"end":{"line":129,"column":17}},"129":{"start":{"line":130,"column":0},"end":{"line":130,"column":15}},"130":{"start":{"line":131,"column":0},"end":{"line":131,"column":5}},"131":{"start":{"line":132,"column":0},"end":{"line":132,"column":31}},"132":{"start":{"line":133,"column":0},"end":{"line":133,"column":36}},"133":{"start":{"line":134,"column":0},"end":{"line":134,"column":41}},"134":{"start":{"line":135,"column":0},"end":{"line":135,"column":38}},"135":{"start":{"line":136,"column":0},"end":{"line":136,"column":5}},"136":{"start":{"line":137,"column":0},"end":{"line":137,"column":3}},"137":{"start":{"line":138,"column":0},"end":{"line":138,"column":22}},"138":{"start":{"line":139,"column":0},"end":{"line":139,"column":1}},"148":{"start":{"line":149,"column":0},"end":{"line":149,"column":65}},"153":{"start":{"line":154,"column":0},"end":{"line":154,"column":72}},"154":{"start":{"line":155,"column":0},"end":{"line":155,"column":22}},"155":{"start":{"line":156,"column":0},"end":{"line":156,"column":50}},"156":{"start":{"line":157,"column":0},"end":{"line":157,"column":21}},"157":{"start":{"line":158,"column":0},"end":{"line":158,"column":1}},"164":{"start":{"line":165,"column":0},"end":{"line":165,"column":74}},"165":{"start":{"line":166,"column":0},"end":{"line":166,"column":27}},"168":{"start":{"line":169,"column":0},"end":{"line":169,"column":48}},"169":{"start":{"line":170,"column":0},"end":{"line":170,"column":45}},"170":{"start":{"line":171,"column":0},"end":{"line":171,"column":7}},"171":{"start":{"line":172,"column":0},"end":{"line":172,"column":44}},"172":{"start":{"line":173,"column":0},"end":{"line":173,"column":11}},"173":{"start":{"line":174,"column":0},"end":{"line":174,"column":16}},"174":{"start":{"line":175,"column":0},"end":{"line":175,"column":3}},"175":{"start":{"line":176,"column":0},"end":{"line":176,"column":1}},"185":{"start":{"line":186,"column":0},"end":{"line":186,"column":83}},"187":{"start":{"line":188,"column":0},"end":{"line":188,"column":84}},"188":{"start":{"line":189,"column":0},"end":{"line":189,"column":24}},"189":{"start":{"line":190,"column":0},"end":{"line":190,"column":28}},"190":{"start":{"line":191,"column":0},"end":{"line":191,"column":11}},"191":{"start":{"line":192,"column":0},"end":{"line":192,"column":18}},"192":{"start":{"line":193,"column":0},"end":{"line":193,"column":25}},"193":{"start":{"line":194,"column":0},"end":{"line":194,"column":3}},"194":{"start":{"line":195,"column":0},"end":{"line":195,"column":11}},"195":{"start":{"line":196,"column":0},"end":{"line":196,"column":1}},"204":{"start":{"line":205,"column":0},"end":{"line":205,"column":37}},"205":{"start":{"line":206,"column":0},"end":{"line":206,"column":14}},"206":{"start":{"line":207,"column":0},"end":{"line":207,"column":23}},"207":{"start":{"line":208,"column":0},"end":{"line":208,"column":54}},"208":{"start":{"line":209,"column":0},"end":{"line":209,"column":33}},"209":{"start":{"line":210,"column":0},"end":{"line":210,"column":14}},"210":{"start":{"line":211,"column":0},"end":{"line":211,"column":31}},"211":{"start":{"line":212,"column":0},"end":{"line":212,"column":24}},"212":{"start":{"line":213,"column":0},"end":{"line":213,"column":3}},"213":{"start":{"line":214,"column":0},"end":{"line":214,"column":49}},"214":{"start":{"line":215,"column":0},"end":{"line":215,"column":31}},"215":{"start":{"line":216,"column":0},"end":{"line":216,"column":11}},"216":{"start":{"line":217,"column":0},"end":{"line":217,"column":1}},"218":{"start":{"line":219,"column":0},"end":{"line":219,"column":42}},"219":{"start":{"line":220,"column":0},"end":{"line":220,"column":14}},"220":{"start":{"line":221,"column":0},"end":{"line":221,"column":23}},"221":{"start":{"line":222,"column":0},"end":{"line":222,"column":54}},"225":{"start":{"line":226,"column":0},"end":{"line":226,"column":32}},"226":{"start":{"line":227,"column":0},"end":{"line":227,"column":49}},"227":{"start":{"line":228,"column":0},"end":{"line":228,"column":32}},"230":{"start":{"line":231,"column":0},"end":{"line":231,"column":3}},"236":{"start":{"line":237,"column":0},"end":{"line":237,"column":44}},"237":{"start":{"line":238,"column":0},"end":{"line":238,"column":17}},"238":{"start":{"line":239,"column":0},"end":{"line":239,"column":77}},"239":{"start":{"line":240,"column":0},"end":{"line":240,"column":16}},"240":{"start":{"line":241,"column":0},"end":{"line":241,"column":3}},"242":{"start":{"line":243,"column":0},"end":{"line":243,"column":77}},"243":{"start":{"line":244,"column":0},"end":{"line":244,"column":30}},"244":{"start":{"line":245,"column":0},"end":{"line":245,"column":24}},"245":{"start":{"line":246,"column":0},"end":{"line":246,"column":79}},"246":{"start":{"line":247,"column":0},"end":{"line":247,"column":26}},"247":{"start":{"line":248,"column":0},"end":{"line":248,"column":21}},"251":{"start":{"line":252,"column":0},"end":{"line":252,"column":11}},"252":{"start":{"line":253,"column":0},"end":{"line":253,"column":26}},"253":{"start":{"line":254,"column":0},"end":{"line":254,"column":27}},"254":{"start":{"line":255,"column":0},"end":{"line":255,"column":15}},"256":{"start":{"line":257,"column":0},"end":{"line":257,"column":7}},"257":{"start":{"line":258,"column":0},"end":{"line":258,"column":21}},"258":{"start":{"line":259,"column":0},"end":{"line":259,"column":6}},"260":{"start":{"line":261,"column":0},"end":{"line":261,"column":36}},"261":{"start":{"line":262,"column":0},"end":{"line":262,"column":91}},"266":{"start":{"line":267,"column":0},"end":{"line":267,"column":11}},"267":{"start":{"line":268,"column":0},"end":{"line":268,"column":43}},"268":{"start":{"line":269,"column":0},"end":{"line":269,"column":15}},"270":{"start":{"line":271,"column":0},"end":{"line":271,"column":7}},"271":{"start":{"line":272,"column":0},"end":{"line":272,"column":19}},"272":{"start":{"line":273,"column":0},"end":{"line":273,"column":30}},"274":{"start":{"line":275,"column":0},"end":{"line":275,"column":83}},"275":{"start":{"line":276,"column":0},"end":{"line":276,"column":58}},"276":{"start":{"line":277,"column":0},"end":{"line":277,"column":5}},"278":{"start":{"line":279,"column":0},"end":{"line":279,"column":30}},"279":{"start":{"line":280,"column":0},"end":{"line":280,"column":26}},"280":{"start":{"line":281,"column":0},"end":{"line":281,"column":60}},"281":{"start":{"line":282,"column":0},"end":{"line":282,"column":61}},"282":{"start":{"line":283,"column":0},"end":{"line":283,"column":27}},"283":{"start":{"line":284,"column":0},"end":{"line":284,"column":40}},"284":{"start":{"line":285,"column":0},"end":{"line":285,"column":14}},"285":{"start":{"line":286,"column":0},"end":{"line":286,"column":74}},"286":{"start":{"line":287,"column":0},"end":{"line":287,"column":21}},"287":{"start":{"line":288,"column":0},"end":{"line":288,"column":7}},"288":{"start":{"line":289,"column":0},"end":{"line":289,"column":6}},"289":{"start":{"line":290,"column":0},"end":{"line":290,"column":31}},"290":{"start":{"line":291,"column":0},"end":{"line":291,"column":26}},"291":{"start":{"line":292,"column":0},"end":{"line":292,"column":57}},"292":{"start":{"line":293,"column":0},"end":{"line":293,"column":19}},"293":{"start":{"line":294,"column":0},"end":{"line":294,"column":6}},"295":{"start":{"line":296,"column":0},"end":{"line":296,"column":9}},"296":{"start":{"line":297,"column":0},"end":{"line":297,"column":42}},"297":{"start":{"line":298,"column":0},"end":{"line":298,"column":19}},"298":{"start":{"line":299,"column":0},"end":{"line":299,"column":26}},"299":{"start":{"line":300,"column":0},"end":{"line":300,"column":83}},"300":{"start":{"line":301,"column":0},"end":{"line":301,"column":19}},"301":{"start":{"line":302,"column":0},"end":{"line":302,"column":5}},"302":{"start":{"line":303,"column":0},"end":{"line":303,"column":5}},"303":{"start":{"line":304,"column":0},"end":{"line":304,"column":1}},"305":{"start":{"line":306,"column":0},"end":{"line":306,"column":90}},"306":{"start":{"line":307,"column":0},"end":{"line":307,"column":34}},"309":{"start":{"line":310,"column":0},"end":{"line":310,"column":49}},"310":{"start":{"line":311,"column":0},"end":{"line":311,"column":52}},"311":{"start":{"line":312,"column":0},"end":{"line":312,"column":3}},"312":{"start":{"line":313,"column":0},"end":{"line":313,"column":37}},"313":{"start":{"line":314,"column":0},"end":{"line":314,"column":58}},"314":{"start":{"line":315,"column":0},"end":{"line":315,"column":3}},"315":{"start":{"line":316,"column":0},"end":{"line":316,"column":14}},"316":{"start":{"line":317,"column":0},"end":{"line":317,"column":1}},"328":{"start":{"line":329,"column":0},"end":{"line":329,"column":33}},"329":{"start":{"line":330,"column":0},"end":{"line":330,"column":14}},"330":{"start":{"line":331,"column":0},"end":{"line":331,"column":45}},"332":{"start":{"line":333,"column":0},"end":{"line":333,"column":33}},"333":{"start":{"line":334,"column":0},"end":{"line":334,"column":29}},"334":{"start":{"line":335,"column":0},"end":{"line":335,"column":60}},"335":{"start":{"line":336,"column":0},"end":{"line":336,"column":39}},"336":{"start":{"line":337,"column":0},"end":{"line":337,"column":68}},"338":{"start":{"line":339,"column":0},"end":{"line":339,"column":24}},"339":{"start":{"line":340,"column":0},"end":{"line":340,"column":7}},"340":{"start":{"line":341,"column":0},"end":{"line":341,"column":19}},"341":{"start":{"line":342,"column":0},"end":{"line":342,"column":37}},"342":{"start":{"line":343,"column":0},"end":{"line":343,"column":12}},"344":{"start":{"line":345,"column":0},"end":{"line":345,"column":50}},"345":{"start":{"line":346,"column":0},"end":{"line":346,"column":45}},"346":{"start":{"line":347,"column":0},"end":{"line":347,"column":48}},"347":{"start":{"line":348,"column":0},"end":{"line":348,"column":48}},"348":{"start":{"line":349,"column":0},"end":{"line":349,"column":7}},"349":{"start":{"line":350,"column":0},"end":{"line":350,"column":5}},"350":{"start":{"line":351,"column":0},"end":{"line":351,"column":11}},"351":{"start":{"line":352,"column":0},"end":{"line":352,"column":16}},"352":{"start":{"line":353,"column":0},"end":{"line":353,"column":3}},"354":{"start":{"line":355,"column":0},"end":{"line":355,"column":37}},"355":{"start":{"line":356,"column":0},"end":{"line":356,"column":1}},"357":{"start":{"line":358,"column":0},"end":{"line":358,"column":49}},"360":{"start":{"line":361,"column":0},"end":{"line":361,"column":18}},"361":{"start":{"line":362,"column":0},"end":{"line":362,"column":35}},"362":{"start":{"line":363,"column":0},"end":{"line":363,"column":23}},"363":{"start":{"line":364,"column":0},"end":{"line":364,"column":45}},"364":{"start":{"line":365,"column":0},"end":{"line":365,"column":43}},"365":{"start":{"line":366,"column":0},"end":{"line":366,"column":43}},"366":{"start":{"line":367,"column":0},"end":{"line":367,"column":58}},"367":{"start":{"line":368,"column":0},"end":{"line":368,"column":15}},"368":{"start":{"line":369,"column":0},"end":{"line":369,"column":10}},"369":{"start":{"line":370,"column":0},"end":{"line":370,"column":51}},"370":{"start":{"line":371,"column":0},"end":{"line":371,"column":3}},"371":{"start":{"line":372,"column":0},"end":{"line":372,"column":44}},"372":{"start":{"line":373,"column":0},"end":{"line":373,"column":79}},"373":{"start":{"line":374,"column":0},"end":{"line":374,"column":13}},"374":{"start":{"line":375,"column":0},"end":{"line":375,"column":1}},"387":{"start":{"line":388,"column":0},"end":{"line":388,"column":30}},"388":{"start":{"line":389,"column":0},"end":{"line":389,"column":16}},"389":{"start":{"line":390,"column":0},"end":{"line":390,"column":45}},"390":{"start":{"line":391,"column":0},"end":{"line":391,"column":33}},"393":{"start":{"line":394,"column":0},"end":{"line":394,"column":6}},"394":{"start":{"line":395,"column":0},"end":{"line":395,"column":20}},"395":{"start":{"line":396,"column":0},"end":{"line":396,"column":20}},"396":{"start":{"line":397,"column":0},"end":{"line":397,"column":20}},"397":{"start":{"line":398,"column":0},"end":{"line":398,"column":20}},"398":{"start":{"line":399,"column":0},"end":{"line":399,"column":20}},"399":{"start":{"line":400,"column":0},"end":{"line":400,"column":20}},"400":{"start":{"line":401,"column":0},"end":{"line":401,"column":20}},"401":{"start":{"line":402,"column":0},"end":{"line":402,"column":17}},"402":{"start":{"line":403,"column":0},"end":{"line":403,"column":5}},"405":{"start":{"line":406,"column":0},"end":{"line":406,"column":34}},"406":{"start":{"line":407,"column":0},"end":{"line":407,"column":34}},"407":{"start":{"line":408,"column":0},"end":{"line":408,"column":55}},"408":{"start":{"line":409,"column":0},"end":{"line":409,"column":16}},"409":{"start":{"line":410,"column":0},"end":{"line":410,"column":3}},"412":{"start":{"line":413,"column":0},"end":{"line":413,"column":6}},"413":{"start":{"line":414,"column":0},"end":{"line":414,"column":20}},"414":{"start":{"line":415,"column":0},"end":{"line":415,"column":20}},"415":{"start":{"line":416,"column":0},"end":{"line":416,"column":20}},"416":{"start":{"line":417,"column":0},"end":{"line":417,"column":20}},"417":{"start":{"line":418,"column":0},"end":{"line":418,"column":39}},"418":{"start":{"line":419,"column":0},"end":{"line":419,"column":17}},"419":{"start":{"line":420,"column":0},"end":{"line":420,"column":5}},"420":{"start":{"line":421,"column":0},"end":{"line":421,"column":35}},"421":{"start":{"line":422,"column":0},"end":{"line":422,"column":35}},"422":{"start":{"line":423,"column":0},"end":{"line":423,"column":55}},"423":{"start":{"line":424,"column":0},"end":{"line":424,"column":16}},"424":{"start":{"line":425,"column":0},"end":{"line":425,"column":3}},"427":{"start":{"line":428,"column":0},"end":{"line":428,"column":39}},"428":{"start":{"line":429,"column":0},"end":{"line":429,"column":14}},"429":{"start":{"line":430,"column":0},"end":{"line":430,"column":30}},"430":{"start":{"line":431,"column":0},"end":{"line":431,"column":52}},"432":{"start":{"line":433,"column":0},"end":{"line":433,"column":51}},"433":{"start":{"line":434,"column":0},"end":{"line":434,"column":26}},"434":{"start":{"line":435,"column":0},"end":{"line":435,"column":13}},"435":{"start":{"line":436,"column":0},"end":{"line":436,"column":44}},"437":{"start":{"line":438,"column":0},"end":{"line":438,"column":10}},"438":{"start":{"line":439,"column":0},"end":{"line":439,"column":26}},"439":{"start":{"line":440,"column":0},"end":{"line":440,"column":26}},"440":{"start":{"line":441,"column":0},"end":{"line":441,"column":45}},"441":{"start":{"line":442,"column":0},"end":{"line":442,"column":23}},"442":{"start":{"line":443,"column":0},"end":{"line":443,"column":9}},"443":{"start":{"line":444,"column":0},"end":{"line":444,"column":17}},"444":{"start":{"line":445,"column":0},"end":{"line":445,"column":7}},"446":{"start":{"line":447,"column":0},"end":{"line":447,"column":41}},"447":{"start":{"line":448,"column":0},"end":{"line":448,"column":46}},"450":{"start":{"line":451,"column":0},"end":{"line":451,"column":19}},"451":{"start":{"line":452,"column":0},"end":{"line":452,"column":45}},"452":{"start":{"line":453,"column":0},"end":{"line":453,"column":45}},"453":{"start":{"line":454,"column":0},"end":{"line":454,"column":45}},"454":{"start":{"line":455,"column":0},"end":{"line":455,"column":43}},"455":{"start":{"line":456,"column":0},"end":{"line":456,"column":18}},"457":{"start":{"line":458,"column":0},"end":{"line":458,"column":43}},"458":{"start":{"line":459,"column":0},"end":{"line":459,"column":47}},"459":{"start":{"line":460,"column":0},"end":{"line":460,"column":47}},"460":{"start":{"line":461,"column":0},"end":{"line":461,"column":59}},"461":{"start":{"line":462,"column":0},"end":{"line":462,"column":20}},"462":{"start":{"line":463,"column":0},"end":{"line":463,"column":7}},"463":{"start":{"line":464,"column":0},"end":{"line":464,"column":47}},"464":{"start":{"line":465,"column":0},"end":{"line":465,"column":5}},"465":{"start":{"line":466,"column":0},"end":{"line":466,"column":16}},"466":{"start":{"line":467,"column":0},"end":{"line":467,"column":3}},"468":{"start":{"line":469,"column":0},"end":{"line":469,"column":14}},"469":{"start":{"line":470,"column":0},"end":{"line":470,"column":1}},"471":{"start":{"line":472,"column":0},"end":{"line":472,"column":59}},"472":{"start":{"line":473,"column":0},"end":{"line":473,"column":36}},"473":{"start":{"line":474,"column":0},"end":{"line":474,"column":10}},"474":{"start":{"line":475,"column":0},"end":{"line":475,"column":29}},"475":{"start":{"line":476,"column":0},"end":{"line":476,"column":33}},"476":{"start":{"line":477,"column":0},"end":{"line":477,"column":32}},"477":{"start":{"line":478,"column":0},"end":{"line":478,"column":15}},"479":{"start":{"line":480,"column":0},"end":{"line":480,"column":1}},"481":{"start":{"line":482,"column":0},"end":{"line":482,"column":34}},"485":{"start":{"line":486,"column":0},"end":{"line":486,"column":20}},"486":{"start":{"line":487,"column":0},"end":{"line":487,"column":1}},"488":{"start":{"line":489,"column":0},"end":{"line":489,"column":55}},"490":{"start":{"line":491,"column":0},"end":{"line":491,"column":21}},"491":{"start":{"line":492,"column":0},"end":{"line":492,"column":41}},"492":{"start":{"line":493,"column":0},"end":{"line":493,"column":28}},"493":{"start":{"line":494,"column":0},"end":{"line":494,"column":76}},"494":{"start":{"line":495,"column":0},"end":{"line":495,"column":3}},"495":{"start":{"line":496,"column":0},"end":{"line":496,"column":39}},"496":{"start":{"line":497,"column":0},"end":{"line":497,"column":1}}},"s":{"0":1,"36":1,"47":1408,"48":1408,"49":1408,"50":1408,"55":1408,"56":1408,"57":1408,"63":83,"64":83,"65":1144,"69":79,"70":1144,"71":0,"72":0,"73":0,"75":79,"76":1144,"78":1408,"79":1408,"81":1408,"82":1408,"83":1408,"84":1408,"85":1408,"86":1408,"87":1408,"88":1408,"90":1408,"91":1408,"92":1408,"93":1408,"94":1408,"95":1408,"96":1408,"97":1408,"98":1408,"118":83,"119":83,"120":83,"121":83,"122":27442,"123":27442,"124":26643,"125":26643,"126":26643,"127":27442,"128":78,"129":78,"130":78,"131":27442,"132":639,"133":557,"134":1,"135":1,"136":27442,"137":82,"138":82,"148":83,"153":83,"154":83,"155":83,"156":83,"157":83,"164":79,"165":79,"168":79,"169":79,"170":79,"171":79,"172":79,"173":0,"174":0,"175":79,"185":1,"187":79,"188":79,"189":79,"190":79,"191":34,"192":34,"193":34,"194":79,"195":79,"204":79,"205":79,"206":79,"207":79,"208":79,"209":79,"210":79,"211":79,"212":79,"213":67,"214":67,"215":67,"216":67,"218":67,"219":67,"220":67,"221":67,"225":67,"226":64,"227":64,"230":64,"236":4,"237":37,"238":0,"239":0,"240":0,"242":4,"243":4,"244":4,"245":4,"246":3,"247":3,"251":3,"252":3,"253":3,"254":3,"256":0,"257":3,"258":3,"260":4,"261":1,"266":1,"267":1,"268":1,"270":0,"271":1,"272":4,"274":4,"275":4,"276":4,"278":4,"279":2,"280":2,"281":2,"282":2,"283":2,"284":2,"285":0,"286":0,"287":0,"288":2,"289":4,"290":0,"291":0,"292":0,"293":0,"295":4,"296":4,"297":4,"298":0,"299":0,"300":0,"301":0,"302":4,"303":4,"305":4,"306":4,"309":4,"310":4,"311":4,"312":0,"313":0,"314":0,"315":0,"316":0,"328":64,"329":64,"330":64,"332":64,"333":64,"334":64,"335":64,"336":64,"338":64,"339":64,"340":64,"341":64,"342":64,"344":0,"345":0,"346":0,"347":0,"348":0,"349":0,"350":64,"351":0,"352":0,"354":64,"355":64,"357":64,"360":64,"361":64,"362":64,"363":64,"364":0,"365":0,"366":0,"367":0,"368":0,"369":0,"370":0,"371":64,"372":64,"373":64,"374":64,"387":64,"388":64,"389":64,"390":64,"393":64,"394":64,"395":61,"396":61,"397":61,"398":61,"399":61,"400":61,"401":61,"402":64,"405":61,"406":61,"407":61,"408":0,"409":0,"412":3,"413":3,"414":2,"415":2,"416":2,"417":2,"418":2,"419":64,"420":2,"421":2,"422":2,"423":0,"424":0,"427":64,"428":0,"429":0,"430":0,"432":0,"433":0,"434":0,"435":0,"437":0,"438":0,"439":0,"440":0,"441":0,"442":0,"443":0,"444":0,"446":0,"447":0,"450":0,"451":0,"452":0,"453":0,"454":0,"455":0,"457":0,"458":0,"459":0,"460":0,"461":0,"462":0,"463":0,"464":0,"465":0,"466":0,"468":1,"469":1,"471":122,"472":122,"473":122,"474":122,"475":122,"476":122,"477":122,"479":122,"481":1,"485":1,"486":1,"488":77,"490":77,"491":77,"492":2749,"493":2749,"494":2749,"495":77,"496":77},"branchMap":{"0":{"type":"branch","line":48,"loc":{"start":{"line":48,"column":0},"end":{"line":99,"column":1}},"locations":[{"start":{"line":48,"column":0},"end":{"line":99,"column":1}}]},"1":{"type":"branch","line":57,"loc":{"start":{"line":57,"column":28},"end":{"line":57,"column":51}},"locations":[{"start":{"line":57,"column":28},"end":{"line":57,"column":51}}]},"2":{"type":"branch","line":58,"loc":{"start":{"line":58,"column":7},"end":{"line":58,"column":44}},"locations":[{"start":{"line":58,"column":7},"end":{"line":58,"column":44}}]},"3":{"type":"branch","line":58,"loc":{"start":{"line":58,"column":44},"end":{"line":58,"column":56}},"locations":[{"start":{"line":58,"column":44},"end":{"line":58,"column":56}}]},"4":{"type":"branch","line":58,"loc":{"start":{"line":58,"column":51},"end":{"line":79,"column":54}},"locations":[{"start":{"line":58,"column":51},"end":{"line":79,"column":54}}]},"5":{"type":"branch","line":58,"loc":{"start":{"line":58,"column":51},"end":{"line":66,"column":22}},"locations":[{"start":{"line":58,"column":51},"end":{"line":66,"column":22}}]},"6":{"type":"branch","line":66,"loc":{"start":{"line":66,"column":15},"end":{"line":71,"column":20}},"locations":[{"start":{"line":66,"column":15},"end":{"line":71,"column":20}}]},"7":{"type":"branch","line":66,"loc":{"start":{"line":66,"column":15},"end":{"line":66,"column":27}},"locations":[{"start":{"line":66,"column":15},"end":{"line":66,"column":27}}]},"8":{"type":"branch","line":66,"loc":{"start":{"line":66,"column":22},"end":{"line":71,"column":20}},"locations":[{"start":{"line":66,"column":22},"end":{"line":71,"column":20}}]},"9":{"type":"branch","line":71,"loc":{"start":{"line":71,"column":20},"end":{"line":74,"column":3}},"locations":[{"start":{"line":71,"column":20},"end":{"line":74,"column":3}}]},"10":{"type":"branch","line":74,"loc":{"start":{"line":74,"column":2},"end":{"line":77,"column":20}},"locations":[{"start":{"line":74,"column":2},"end":{"line":77,"column":20}}]},"11":{"type":"branch","line":74,"loc":{"start":{"line":74,"column":2},"end":{"line":76,"column":74}},"locations":[{"start":{"line":74,"column":2},"end":{"line":76,"column":74}}]},"12":{"type":"branch","line":76,"loc":{"start":{"line":76,"column":72},"end":{"line":77,"column":20}},"locations":[{"start":{"line":76,"column":72},"end":{"line":77,"column":20}}]},"13":{"type":"branch","line":77,"loc":{"start":{"line":77,"column":13},"end":{"line":77,"column":25}},"locations":[{"start":{"line":77,"column":13},"end":{"line":77,"column":25}}]},"14":{"type":"branch","line":77,"loc":{"start":{"line":77,"column":20},"end":{"line":79,"column":54}},"locations":[{"start":{"line":77,"column":20},"end":{"line":79,"column":54}}]},"15":{"type":"branch","line":77,"loc":{"start":{"line":77,"column":20},"end":{"line":79,"column":50}},"locations":[{"start":{"line":77,"column":20},"end":{"line":79,"column":50}}]},"16":{"type":"branch","line":79,"loc":{"start":{"line":79,"column":32},"end":{"line":79,"column":54}},"locations":[{"start":{"line":79,"column":32},"end":{"line":79,"column":54}}]},"17":{"type":"branch","line":79,"loc":{"start":{"line":79,"column":59},"end":{"line":79,"column":71}},"locations":[{"start":{"line":79,"column":59},"end":{"line":79,"column":71}}]},"18":{"type":"branch","line":80,"loc":{"start":{"line":80,"column":36},"end":{"line":80,"column":62}},"locations":[{"start":{"line":80,"column":36},"end":{"line":80,"column":62}}]},"19":{"type":"branch","line":80,"loc":{"start":{"line":80,"column":67},"end":{"line":80,"column":80}},"locations":[{"start":{"line":80,"column":67},"end":{"line":80,"column":80}}]},"20":{"type":"branch","line":119,"loc":{"start":{"line":119,"column":0},"end":{"line":139,"column":1}},"locations":[{"start":{"line":119,"column":0},"end":{"line":139,"column":1}}]},"21":{"type":"branch","line":122,"loc":{"start":{"line":122,"column":41},"end":{"line":137,"column":3}},"locations":[{"start":{"line":122,"column":41},"end":{"line":137,"column":3}}]},"22":{"type":"branch","line":124,"loc":{"start":{"line":124,"column":15},"end":{"line":127,"column":5}},"locations":[{"start":{"line":124,"column":15},"end":{"line":127,"column":5}}]},"23":{"type":"branch","line":125,"loc":{"start":{"line":125,"column":17},"end":{"line":125,"column":49}},"locations":[{"start":{"line":125,"column":17},"end":{"line":125,"column":49}}]},"24":{"type":"branch","line":125,"loc":{"start":{"line":125,"column":49},"end":{"line":125,"column":62}},"locations":[{"start":{"line":125,"column":49},"end":{"line":125,"column":62}}]},"25":{"type":"branch","line":127,"loc":{"start":{"line":127,"column":4},"end":{"line":128,"column":22}},"locations":[{"start":{"line":127,"column":4},"end":{"line":128,"column":22}}]},"26":{"type":"branch","line":128,"loc":{"start":{"line":128,"column":15},"end":{"line":128,"column":34}},"locations":[{"start":{"line":128,"column":15},"end":{"line":128,"column":34}}]},"27":{"type":"branch","line":128,"loc":{"start":{"line":128,"column":34},"end":{"line":131,"column":5}},"locations":[{"start":{"line":128,"column":34},"end":{"line":131,"column":5}}]},"28":{"type":"branch","line":131,"loc":{"start":{"line":131,"column":4},"end":{"line":132,"column":29}},"locations":[{"start":{"line":131,"column":4},"end":{"line":132,"column":29}}]},"29":{"type":"branch","line":132,"loc":{"start":{"line":132,"column":20},"end":{"line":132,"column":31}},"locations":[{"start":{"line":132,"column":20},"end":{"line":132,"column":31}}]},"30":{"type":"branch","line":132,"loc":{"start":{"line":132,"column":29},"end":{"line":136,"column":5}},"locations":[{"start":{"line":132,"column":29},"end":{"line":136,"column":5}}]},"31":{"type":"branch","line":133,"loc":{"start":{"line":133,"column":25},"end":{"line":133,"column":36}},"locations":[{"start":{"line":133,"column":25},"end":{"line":133,"column":36}}]},"32":{"type":"branch","line":133,"loc":{"start":{"line":133,"column":34},"end":{"line":136,"column":5}},"locations":[{"start":{"line":133,"column":34},"end":{"line":136,"column":5}}]},"33":{"type":"branch","line":134,"loc":{"start":{"line":134,"column":20},"end":{"line":134,"column":40}},"locations":[{"start":{"line":134,"column":20},"end":{"line":134,"column":40}}]},"34":{"type":"branch","line":134,"loc":{"start":{"line":134,"column":40},"end":{"line":136,"column":5}},"locations":[{"start":{"line":134,"column":40},"end":{"line":136,"column":5}}]},"35":{"type":"branch","line":137,"loc":{"start":{"line":137,"column":2},"end":{"line":139,"column":1}},"locations":[{"start":{"line":137,"column":2},"end":{"line":139,"column":1}}]},"36":{"type":"branch","line":149,"loc":{"start":{"line":149,"column":0},"end":{"line":158,"column":1}},"locations":[{"start":{"line":149,"column":0},"end":{"line":158,"column":1}}]},"37":{"type":"branch","line":155,"loc":{"start":{"line":155,"column":10},"end":{"line":156,"column":23}},"locations":[{"start":{"line":155,"column":10},"end":{"line":156,"column":23}}]},"38":{"type":"branch","line":155,"loc":{"start":{"line":155,"column":10},"end":{"line":155,"column":22}},"locations":[{"start":{"line":155,"column":10},"end":{"line":155,"column":22}}]},"39":{"type":"branch","line":155,"loc":{"start":{"line":155,"column":17},"end":{"line":156,"column":23}},"locations":[{"start":{"line":155,"column":17},"end":{"line":156,"column":23}}]},"40":{"type":"branch","line":156,"loc":{"start":{"line":156,"column":18},"end":{"line":156,"column":31}},"locations":[{"start":{"line":156,"column":18},"end":{"line":156,"column":31}}]},"41":{"type":"branch","line":156,"loc":{"start":{"line":156,"column":26},"end":{"line":156,"column":39}},"locations":[{"start":{"line":156,"column":26},"end":{"line":156,"column":39}}]},"42":{"type":"branch","line":156,"loc":{"start":{"line":156,"column":34},"end":{"line":156,"column":43}},"locations":[{"start":{"line":156,"column":34},"end":{"line":156,"column":43}}]},"43":{"type":"branch","line":157,"loc":{"start":{"line":157,"column":9},"end":{"line":157,"column":21}},"locations":[{"start":{"line":157,"column":9},"end":{"line":157,"column":21}}]},"44":{"type":"branch","line":165,"loc":{"start":{"line":165,"column":0},"end":{"line":176,"column":1}},"locations":[{"start":{"line":165,"column":0},"end":{"line":176,"column":1}}]},"45":{"type":"branch","line":166,"loc":{"start":{"line":166,"column":15},"end":{"line":166,"column":27}},"locations":[{"start":{"line":166,"column":15},"end":{"line":166,"column":27}}]},"46":{"type":"branch","line":169,"loc":{"start":{"line":169,"column":34},"end":{"line":169,"column":48}},"locations":[{"start":{"line":169,"column":34},"end":{"line":169,"column":48}}]},"47":{"type":"branch","line":169,"loc":{"start":{"line":169,"column":41},"end":{"line":170,"column":31}},"locations":[{"start":{"line":169,"column":41},"end":{"line":170,"column":31}}]},"48":{"type":"branch","line":170,"loc":{"start":{"line":170,"column":20},"end":{"line":170,"column":45}},"locations":[{"start":{"line":170,"column":20},"end":{"line":170,"column":45}}]},"49":{"type":"branch","line":173,"loc":{"start":{"line":173,"column":2},"end":{"line":175,"column":3}},"locations":[{"start":{"line":173,"column":2},"end":{"line":175,"column":3}}]},"50":{"type":"branch","line":188,"loc":{"start":{"line":188,"column":0},"end":{"line":196,"column":1}},"locations":[{"start":{"line":188,"column":0},"end":{"line":196,"column":1}}]},"51":{"type":"branch","line":189,"loc":{"start":{"line":189,"column":12},"end":{"line":189,"column":24}},"locations":[{"start":{"line":189,"column":12},"end":{"line":189,"column":24}}]},"52":{"type":"branch","line":191,"loc":{"start":{"line":191,"column":10},"end":{"line":194,"column":3}},"locations":[{"start":{"line":191,"column":10},"end":{"line":194,"column":3}}]},"53":{"type":"branch","line":205,"loc":{"start":{"line":205,"column":0},"end":{"line":217,"column":1}},"locations":[{"start":{"line":205,"column":0},"end":{"line":217,"column":1}}]},"54":{"type":"branch","line":212,"loc":{"start":{"line":212,"column":13},"end":{"line":212,"column":24}},"locations":[{"start":{"line":212,"column":13},"end":{"line":212,"column":24}}]},"55":{"type":"branch","line":213,"loc":{"start":{"line":213,"column":2},"end":{"line":217,"column":1}},"locations":[{"start":{"line":213,"column":2},"end":{"line":217,"column":1}}]},"56":{"type":"branch","line":219,"loc":{"start":{"line":219,"column":0},"end":{"line":304,"column":1}},"locations":[{"start":{"line":219,"column":0},"end":{"line":304,"column":1}}]},"57":{"type":"branch","line":226,"loc":{"start":{"line":226,"column":31},"end":{"line":231,"column":3}},"locations":[{"start":{"line":226,"column":31},"end":{"line":231,"column":3}}]},"58":{"type":"branch","line":228,"loc":{"start":{"line":228,"column":17},"end":{"line":228,"column":32}},"locations":[{"start":{"line":228,"column":17},"end":{"line":228,"column":32}}]},"59":{"type":"branch","line":231,"loc":{"start":{"line":231,"column":2},"end":{"line":304,"column":1}},"locations":[{"start":{"line":231,"column":2},"end":{"line":304,"column":1}}]},"60":{"type":"branch","line":231,"loc":{"start":{"line":231,"column":2},"end":{"line":238,"column":16}},"locations":[{"start":{"line":231,"column":2},"end":{"line":238,"column":16}}]},"61":{"type":"branch","line":238,"loc":{"start":{"line":238,"column":16},"end":{"line":241,"column":3}},"locations":[{"start":{"line":238,"column":16},"end":{"line":241,"column":3}}]},"62":{"type":"branch","line":241,"loc":{"start":{"line":241,"column":2},"end":{"line":304,"column":1}},"locations":[{"start":{"line":241,"column":2},"end":{"line":304,"column":1}}]},"63":{"type":"branch","line":243,"loc":{"start":{"line":243,"column":63},"end":{"line":303,"column":3}},"locations":[{"start":{"line":243,"column":63},"end":{"line":303,"column":3}}]},"64":{"type":"branch","line":298,"loc":{"start":{"line":298,"column":4},"end":{"line":302,"column":5}},"locations":[{"start":{"line":298,"column":4},"end":{"line":302,"column":5}}]},"65":{"type":"branch","line":246,"loc":{"start":{"line":246,"column":19},"end":{"line":259,"column":6}},"locations":[{"start":{"line":246,"column":19},"end":{"line":259,"column":6}}]},"66":{"type":"branch","line":247,"loc":{"start":{"line":247,"column":19},"end":{"line":247,"column":26}},"locations":[{"start":{"line":247,"column":19},"end":{"line":247,"column":26}}]},"67":{"type":"branch","line":255,"loc":{"start":{"line":255,"column":6},"end":{"line":257,"column":7}},"
[...]
lumn":28},"end":{"line":233,"column":34}},"locations":[{"start":{"line":233,"column":28},"end":{"line":233,"column":34}}]},"43":{"type":"branch","line":240,"loc":{"start":{"line":240,"column":24},"end":{"line":240,"column":51}},"locations":[{"start":{"line":240,"column":24},"end":{"line":240,"column":51}}]},"44":{"type":"branch","line":240,"loc":{"start":{"line":240,"column":56},"end":{"line":244,"column":5}},"locations":[{"start":{"line":240,"column":56},"end":{"line":244,"column":5}}]},"45":{"type":"branch","line":245,"loc":{"start":{"line":245,"column":2},"end":{"line":247,"column":1}},"locations":[{"start":{"line":245,"column":2},"end":{"line":247,"column":1}}]},"46":{"type":"branch","line":250,"loc":{"start":{"line":250,"column":0},"end":{"line":260,"column":1}},"locations":[{"start":{"line":250,"column":0},"end":{"line":260,"column":1}}]},"47":{"type":"branch","line":255,"loc":{"start":{"line":255,"column":4},"end":{"line":257,"column":5}},"locations":[{"start":{"line":255,"column":4},"end":{"line":257,"column":5}}]},"48":{"type":"branch","line":258,"loc":{"start":{"line":258,"column":2},"end":{"line":260,"column":1}},"locations":[{"start":{"line":258,"column":2},"end":{"line":260,"column":1}}]},"49":{"type":"branch","line":262,"loc":{"start":{"line":262,"column":0},"end":{"line":272,"column":1}},"locations":[{"start":{"line":262,"column":0},"end":{"line":272,"column":1}}]},"50":{"type":"branch","line":266,"loc":{"start":{"line":266,"column":24},"end":{"line":266,"column":36}},"locations":[{"start":{"line":266,"column":24},"end":{"line":266,"column":36}}]},"51":{"type":"branch","line":266,"loc":{"start":{"line":266,"column":46},"end":{"line":266,"column":58}},"locations":[{"start":{"line":266,"column":46},"end":{"line":266,"column":58}}]},"52":{"type":"branch","line":267,"loc":{"start":{"line":267,"column":4},"end":{"line":269,"column":5}},"locations":[{"start":{"line":267,"column":4},"end":{"line":269,"column":5}}]},"53":{"type":"branch","line":270,"loc":{"start":{"line":270,"column":2},"end":{"line":272,"column":1}},"locations":[{"start":{"line":270,"column":2},"end":{"line":272,"column":1}}]},"54":{"type":"branch","line":274,"loc":{"start":{"line":274,"column":0},"end":{"line":284,"column":1}},"locations":[{"start":{"line":274,"column":0},"end":{"line":284,"column":1}}]},"55":{"type":"branch","line":279,"loc":{"start":{"line":279,"column":4},"end":{"line":281,"column":5}},"locations":[{"start":{"line":279,"column":4},"end":{"line":281,"column":5}}]},"56":{"type":"branch","line":282,"loc":{"start":{"line":282,"column":2},"end":{"line":284,"column":1}},"locations":[{"start":{"line":282,"column":2},"end":{"line":284,"column":1}}]},"57":{"type":"branch","line":286,"loc":{"start":{"line":286,"column":0},"end":{"line":300,"column":1}},"locations":[{"start":{"line":286,"column":0},"end":{"line":300,"column":1}}]},"58":{"type":"branch","line":289,"loc":{"start":{"line":289,"column":14},"end":{"line":292,"column":3}},"locations":[{"start":{"line":289,"column":14},"end":{"line":292,"column":3}}]},"59":{"type":"branch","line":294,"loc":{"start":{"line":294,"column":41},"end":{"line":298,"column":3}},"locations":[{"start":{"line":294,"column":41},"end":{"line":298,"column":3}}]},"60":{"type":"branch","line":296,"loc":{"start":{"line":296,"column":25},"end":{"line":296,"column":36}},"locations":[{"start":{"line":296,"column":25},"end":{"line":296,"column":36}}]},"61":{"type":"branch","line":296,"loc":{"start":{"line":296,"column":29},"end":{"line":296,"column":50}},"locations":[{"start":{"line":296,"column":29},"end":{"line":296,"column":50}}]},"62":{"type":"branch","line":302,"loc":{"start":{"line":302,"column":0},"end":{"line":318,"column":1}},"locations":[{"start":{"line":302,"column":0},"end":{"line":318,"column":1}}]},"63":{"type":"branch","line":304,"loc":{"start":{"line":304,"column":15},"end":{"line":304,"column":26}},"locations":[{"start":{"line":304,"column":15},"end":{"line":304,"column":26}}]},"64":{"type":"branch","line":304,"loc":{"start":{"line":304,"column":22},"end":{"line":308,"column":44}},"locations":[{"start":{"line":304,"column":22},"end":{"line":308,"column":44}}]},"65":{"type":"branch","line":310,"loc":{"start":{"line":310,"column":12},"end":{"line":310,"column":21}},"locations":[{"start":{"line":310,"column":12},"end":{"line":310,"column":21}}]},"66":{"type":"branch","line":311,"loc":{"start":{"line":311,"column":34},"end":{"line":314,"column":5}},"locations":[{"start":{"line":311,"column":34},"end":{"line":314,"column":5}}]},"67":{"type":"branch","line":315,"loc":{"start":{"line":315,"column":2},"end":{"line":316,"column":29}},"locations":[{"start":{"line":315,"column":2},"end":{"line":316,"column":29}}]},"68":{"type":"branch","line":316,"loc":{"start":{"line":316,"column":25},"end":{"line":318,"column":1}},"locations":[{"start":{"line":316,"column":25},"end":{"line":318,"column":1}}]},"69":{"type":"branch","line":320,"loc":{"start":{"line":320,"column":0},"end":{"line":328,"column":1}},"locations":[{"start":{"line":320,"column":0},"end":{"line":328,"column":1}}]},"70":{"type":"branch","line":323,"loc":{"start":{"line":323,"column":40},"end":{"line":326,"column":3}},"locations":[{"start":{"line":323,"column":40},"end":{"line":326,"column":3}}]}},"b":{"0":[5],"1":[48],"2":[53],"3":[105],"4":[0],"5":[66],"6":[15],"7":[103],"8":[39],"9":[64],"10":[13],"11":[51],"12":[2],"13":[0],"14":[1],"15":[103],"16":[596],"17":[0],"18":[596],"19":[4582],"20":[0],"21":[185],"22":[0],"23":[4582],"24":[0],"25":[9164],"26":[9100],"27":[64],"28":[8954],"29":[0],"30":[64],"31":[53],"32":[596],"33":[4582],"34":[52],"35":[53],"36":[52],"37":[1],"38":[52],"39":[269],"40":[52],"41":[259],"42":[0],"43":[269],"44":[269],"45":[52],"46":[4582],"47":[0],"48":[0],"49":[53],"50":[0],"51":[0],"52":[0],"53":[0],"54":[5],"55":[0],"56":[0],"57":[5],"58":[15],"59":[15],"60":[5],"61":[10],"62":[15],"63":[5],"64":[10],"65":[0],"66":[10],"67":[10],"68":[0],"69":[53],"70":[1857]},"fnMap":{"0":{"name":"extractTable","decl":{"start":{"line":44,"column":7},"end":{"line":70,"column":1}},"loc":{"start":{"line":44,"column":7},"end":{"line":70,"column":1}},"line":44},"1":{"name":"extractTableFromWalkedNode","decl":{"start":{"line":77,"column":7},"end":{"line":100,"column":1}},"loc":{"start":{"line":77,"column":7},"end":{"line":100,"column":1}},"line":77},"2":{"name":"collectRows","decl":{"start":{"line":109,"column":0},"end":{"line":135,"column":1}},"loc":{"start":{"line":109,"column":0},"end":{"line":135,"column":1}},"line":109},"3":{"name":"appendRowsFromSection","decl":{"start":{"line":137,"column":0},"end":{"line":148,"column":1}},"loc":{"start":{"line":137,"column":0},"end":{"line":148,"column":1}},"line":137},"4":{"name":"buildRow","decl":{"start":{"line":150,"column":0},"end":{"line":164,"column":1}},"loc":{"start":{"line":150,"column":0},"end":{"line":164,"column":1}},"line":150},"5":{"name":"buildCell","decl":{"start":{"line":166,"column":0},"end":{"line":181,"column":1}},"loc":{"start":{"line":166,"column":0},"end":{"line":181,"column":1}},"line":166},"6":{"name":"readSpanAttr","decl":{"start":{"line":187,"column":0},"end":{"line":193,"column":1}},"loc":{"start":{"line":187,"column":0},"end":{"line":193,"column":1}},"line":187},"7":{"name":"computeColumnCount","decl":{"start":{"line":200,"column":0},"end":{"line":210,"column":1}},"loc":{"start":{"line":200,"column":0},"end":{"line":210,"column":1}},"line":200},"8":{"name":"computeColumns","decl":{"start":{"line":222,"column":0},"end":{"line":247,"column":1}},"loc":{"start":{"line":222,"column":0},"end":{"line":247,"column":1}},"line":222},"9":{"name":"readCellComputedStyle","decl":{"start":{"line":250,"column":0},"end":{"line":260,"column":1}},"loc":{"start":{"line":250,"column":0},"end":{"line":260,"column":1}},"line":250},"10":{"name":"readTableBounds","decl":{"start":{"line":262,"column":0},"end":{"line":272,"column":1}},"loc":{"start":{"line":262,"column":0},"end":{"line":272,"column":1}},"line":262},"11":{"name":"readComputedStyleSnapshot","decl":{"start":{"line":274,"column":0},"end":{"line":284,"column":1}},"loc":{"start":{"line":274,"column":0},"end":{"line":284,"column":1}},"line":274},"12":{"name":"buildSourceDomPathFromElement","decl":{"start":{"line":286,"column":0},"end":{"line":300,"column":1}},"loc":{"start":{"line":286,"column":0},"end":{"line":300,"column":1}},"line":286},"13":{"name":"segmentFor","decl":{"start":{"line":302,"column":0},"end":{"line":318,"column":1}},"loc":{"start":{"line":302,"column":0},"end":{"line":318,"column":1}},"line":302},"14":{"name":"makeId","decl":{"start":{"line":320,"column":0},"end":{"line":328,"column":1}},"loc":{"start":{"line":320,"column":0},"end":{"line":328,"column":1}},"line":320}},"f":{"0":5,"1":48,"2":53,"3":103,"4":596,"5":4582,"6":9164,"7":53,"8":53,"9":4582,"10":53,"11":5,"12":5,"13":15,"14":53}}
,"/Users/zee/Documents/Vibe Coding/ACOS 3.0/apps/visual-composer/src/parser/extractors/text.ts": {"path":"/Users/zee/Documents/Vibe Coding/ACOS 3.0/apps/visual-composer/src/parser/extractors/text.ts","all":false,"statementMap":{"0":{"start":{"line":1,"column":0},"end":{"line":1,"column":73}},"11":{"start":{"line":12,"column":0},"end":{"line":12,"column":69}},"12":{"start":{"line":13,"column":0},"end":{"line":13,"column":58}},"13":{"start":{"line":14,"column":0},"end":{"line":14,"column":96}},"21":{"start":{"line":22,"column":0},"end":{"line":22,"column":71}},"22":{"start":{"line":23,"column":0},"end":{"line":23,"column":26}},"23":{"start":{"line":24,"column":0},"end":{"line":24,"column":25}},"26":{"start":{"line":27,"column":0},"end":{"line":27,"column":40}},"27":{"start":{"line":28,"column":0},"end":{"line":28,"column":60}},"28":{"start":{"line":29,"column":0},"end":{"line":29,"column":3}},"30":{"start":{"line":31,"column":0},"end":{"line":31,"column":50}},"31":{"start":{"line":32,"column":0},"end":{"line":32,"column":60}},"32":{"start":{"line":33,"column":0},"end":{"line":33,"column":61}},"35":{"start":{"line":36,"column":0},"end":{"line":36,"column":39}},"36":{"start":{"line":37,"column":0},"end":{"line":37,"column":31}},"41":{"start":{"line":42,"column":0},"end":{"line":42,"column":61}},"43":{"start":{"line":44,"column":0},"end":{"line":44,"column":66}},"44":{"start":{"line":45,"column":0},"end":{"line":45,"column":66}},"45":{"start":{"line":46,"column":0},"end":{"line":46,"column":32}},"47":{"start":{"line":48,"column":0},"end":{"line":48,"column":10}},"48":{"start":{"line":49,"column":0},"end":{"line":49,"column":43}},"49":{"start":{"line":50,"column":0},"end":{"line":50,"column":17}},"50":{"start":{"line":51,"column":0},"end":{"line":51,"column":38}},"51":{"start":{"line":52,"column":0},"end":{"line":52,"column":11}},"52":{"start":{"line":53,"column":0},"end":{"line":53,"column":18}},"53":{"start":{"line":54,"column":0},"end":{"line":54,"column":12}},"54":{"start":{"line":55,"column":0},"end":{"line":55,"column":4}},"55":{"start":{"line":56,"column":0},"end":{"line":56,"column":1}},"58":{"start":{"line":59,"column":0},"end":{"line":59,"column":45}},"59":{"start":{"line":60,"column":0},"end":{"line":60,"column":69}},"60":{"start":{"line":61,"column":0},"end":{"line":61,"column":15}},"61":{"start":{"line":62,"column":0},"end":{"line":62,"column":33}},"62":{"start":{"line":63,"column":0},"end":{"line":63,"column":45}},"63":{"start":{"line":64,"column":0},"end":{"line":64,"column":26}},"64":{"start":{"line":65,"column":0},"end":{"line":65,"column":40}},"65":{"start":{"line":66,"column":0},"end":{"line":66,"column":31}},"66":{"start":{"line":67,"column":0},"end":{"line":67,"column":5}},"67":{"start":{"line":68,"column":0},"end":{"line":68,"column":3}},"68":{"start":{"line":69,"column":0},"end":{"line":69,"column":20}},"69":{"start":{"line":70,"column":0},"end":{"line":70,"column":1}},"71":{"start":{"line":72,"column":0},"end":{"line":72,"column":69}},"75":{"start":{"line":76,"column":0},"end":{"line":76,"column":78}},"76":{"start":{"line":77,"column":0},"end":{"line":77,"column":49}},"77":{"start":{"line":78,"column":0},"end":{"line":78,"column":11}},"78":{"start":{"line":79,"column":0},"end":{"line":79,"column":31}},"79":{"start":{"line":80,"column":0},"end":{"line":80,"column":33}},"80":{"start":{"line":81,"column":0},"end":{"line":81,"column":15}},"81":{"start":{"line":82,"column":0},"end":{"line":82,"column":58}},"82":{"start":{"line":83,"column":0},"end":{"line":83,"column":12}},"83":{"start":{"line":84,"column":0},"end":{"line":84,"column":30}},"84":{"start":{"line":85,"column":0},"end":{"line":85,"column":40}},"85":{"start":{"line":86,"column":0},"end":{"line":86,"column":5}},"86":{"start":{"line":87,"column":0},"end":{"line":87,"column":3}},"87":{"start":{"line":88,"column":0},"end":{"line":88,"column":16}},"88":{"start":{"line":89,"column":0},"end":{"line":89,"column":59}},"89":{"start":{"line":90,"column":0},"end":{"line":90,"column":12}},"90":{"start":{"line":91,"column":0},"end":{"line":91,"column":30}},"91":{"start":{"line":92,"column":0},"end":{"line":92,"column":41}},"92":{"start":{"line":93,"column":0},"end":{"line":93,"column":5}},"93":{"start":{"line":94,"column":0},"end":{"line":94,"column":3}},"94":{"start":{"line":95,"column":0},"end":{"line":95,"column":27}},"95":{"start":{"line":96,"column":0},"end":{"line":96,"column":1}},"97":{"start":{"line":98,"column":0},"end":{"line":98,"column":55}},"100":{"start":{"line":101,"column":0},"end":{"line":101,"column":21}},"101":{"start":{"line":102,"column":0},"end":{"line":102,"column":41}},"102":{"start":{"line":103,"column":0},"end":{"line":103,"column":28}},"103":{"start":{"line":104,"column":0},"end":{"line":104,"column":76}},"104":{"start":{"line":105,"column":0},"end":{"line":105,"column":3}},"105":{"start":{"line":106,"column":0},"end":{"line":106,"column":39}},"106":{"start":{"line":107,"column":0},"end":{"line":107,"column":1}}},"s":{"0":1,"11":1,"12":1,"13":1,"21":1,"22":1287,"23":1287,"26":1287,"27":3496,"28":3496,"30":1287,"31":1287,"32":1287,"35":883,"36":1287,"41":1287,"43":737,"44":737,"45":737,"47":737,"48":737,"49":737,"50":737,"51":737,"52":737,"53":737,"54":737,"55":737,"58":883,"59":883,"60":883,"61":883,"62":883,"63":1070,"64":1070,"65":912,"66":912,"67":1070,"68":883,"69":883,"71":737,"75":737,"76":737,"77":0,"78":737,"79":737,"80":737,"81":737,"82":737,"83":0,"84":0,"85":0,"86":737,"87":737,"88":737,"89":737,"90":0,"91":0,"92":0,"93":737,"94":737,"95":737,"97":737,"100":737,"101":737,"102":33692,"103":33692,"104":33692,"105":737,"106":737},"branchMap":{"0":{"type":"branch","line":22,"loc":{"start":{"line":22,"column":7},"end":{"line":56,"column":1}},"locations":[{"start":{"line":22,"column":7},"end":{"line":56,"column":1}}]},"1":{"type":"branch","line":27,"loc":{"start":{"line":27,"column":39},"end":{"line":29,"column":3}},"locations":[{"start":{"line":27,"column":39},"end":{"line":29,"column":3}}]},"2":{"type":"branch","line":28,"loc":{"start":{"line":28,"column":48},"end":{"line":28,"column":60}},"locations":[{"start":{"line":28,"column":48},"end":{"line":28,"column":60}}]},"3":{"type":"branch","line":33,"loc":{"start":{"line":33,"column":7},"end":{"line":33,"column":49}},"locations":[{"start":{"line":33,"column":7},"end":{"line":33,"column":49}}]},"4":{"type":"branch","line":33,"loc":{"start":{"line":33,"column":49},"end":{"line":37,"column":26}},"locations":[{"start":{"line":33,"column":49},"end":{"line":37,"column":26}}]},"5":{"type":"branch","line":33,"loc":{"start":{"line":33,"column":49},"end":{"line":33,"column":61}},"locations":[{"start":{"line":33,"column":49},"end":{"line":33,"column":61}}]},"6":{"type":"branch","line":33,"loc":{"start":{"line":33,"column":56},"end":{"line":37,"column":26}},"locations":[{"start":{"line":33,"column":56},"end":{"line":37,"column":26}}]},"7":{"type":"branch","line":37,"loc":{"start":{"line":37,"column":19},"end":{"line":37,"column":31}},"locations":[{"start":{"line":37,"column":19},"end":{"line":37,"column":31}}]},"8":{"type":"branch","line":37,"loc":{"start":{"line":37,"column":26},"end":{"line":42,"column":49}},"locations":[{"start":{"line":37,"column":26},"end":{"line":42,"column":49}}]},"9":{"type":"branch","line":37,"loc":{"start":{"line":37,"column":26},"end":{"line":42,"column":25}},"locations":[{"start":{"line":37,"column":26},"end":{"line":42,"column":25}}]},"10":{"type":"branch","line":42,"loc":{"start":{"line":42,"column":6},"end":{"line":42,"column":49}},"locations":[{"start":{"line":42,"column":6},"end":{"line":42,"column":49}}]},"11":{"type":"branch","line":42,"loc":{"start":{"line":42,"column":49},"end":{"line":42,"column":61}},"locations":[{"start":{"line":42,"column":49},"end":{"line":42,"column":61}}]},"12":{"type":"branch","line":42,"loc":{"start":{"line":42,"column":56},"end":{"line":56,"column":1}},"locations":[{"start":{"line":42,"column":56},"end":{"line":56,"column":1}}]},"13":{"type":"branch","line":59,"loc":{"start":{"line":59,"column":0},"end":{"line":70,"column":1}},"locations":[{"start":{"line":59,"column":0},"end":{"line":70,"column":1}}]},"14":{"type":"branch","line":63,"loc":{"start":{"line":63,"column":44},"end":{"line":68,"column":3}},"locations":[{"start":{"line":63,"column":44},"end":{"line":68,"column":3}}]},"15":{"type":"branch","line":65,"loc":{"start":{"line":65,"column":39},"end":{"line":67,"column":5}},"locations":[{"start":{"line":65,"column":39},"end":{"line":67,"column":5}}]},"16":{"type":"branch","line":66,"loc":{"start":{"line":66,"column":15},"end":{"line":66,"column":31}},"locations":[{"start":{"line":66,"column":15},"end":{"line":66,"column":31}}]},"17":{"type":"branch","line":72,"loc":{"start":{"line":72,"column":0},"end":{"line":96,"column":1}},"locations":[{"start":{"line":72,"column":0},"end":{"line":96,"column":1}}]},"18":{"type":"branch","line":77,"loc":{"start":{"line":77,"column":48},"end":{"line":78,"column":11}},"locations":[{"start":{"line":77,"column":48},"end":{"line":78,"column":11}}]},"19":{"type":"branch","line":79,"loc":{"start":{"line":79,"column":20},"end":{"line":79,"column":31}},"locations":[{"start":{"line":79,"column":20},"end":{"line":79,"column":31}}]},"20":{"type":"branch","line":80,"loc":{"start":{"line":80,"column":21},"end":{"line":80,"column":33}},"locations":[{"start":{"line":80,"column":21},"end":{"line":80,"column":33}}]},"21":{"type":"branch","line":83,"loc":{"start":{"line":83,"column":11},"end":{"line":86,"column":5}},"locations":[{"start":{"line":83,"column":11},"end":{"line":86,"column":5}}]},"22":{"type":"branch","line":90,"loc":{"start":{"line":90,"column":11},"end":{"line":93,"column":5}},"locations":[{"start":{"line":90,"column":11},"end":{"line":93,"column":5}}]},"23":{"type":"branch","line":98,"loc":{"start":{"line":98,"column":0},"end":{"line":107,"column":1}},"locations":[{"start":{"line":98,"column":0},"end":{"line":107,"column":1}}]},"24":{"type":"branch","line":102,"loc":{"start":{"line":102,"column":40},"end":{"line":105,"column":3}},"locations":[{"start":{"line":102,"column":40},"end":{"line":105,"column":3}}]}},"b":{"0":[1287],"1":[3496],"2":[0],"3":[582],"4":[1277],"5":[404],"6":[883],"7":[70],"8":[1281],"9":[813],"10":[108],"11":[76],"12":[737],"13":[883],"14":[1070],"15":[912],"16":[0],"17":[737],"18":[0],"19":[0],"20":[0],"21":[0],"22":[0],"23":[737],"24":[33692]},"fnMap":{"0":{"name":"extractText","decl":{"start":{"line":22,"column":7},"end":{"line":56,"column":1}},"loc":{"start":{"line":22,"column":7},"end":{"line":56,"column":1}},"line":22},"1":{"name":"getDirectText","decl":{"start":{"line":59,"column":0},"end":{"line":70,"column":1}},"loc":{"start":{"line":59,"column":0},"end":{"line":70,"column":1}},"line":59},"2":{"name":"readBounds","decl":{"start":{"line":72,"column":0},"end":{"line":96,"column":1}},"loc":{"start":{"line":72,"column":0},"end":{"line":96,"column":1}},"line":72},"3":{"name":"makeId","decl":{"start":{"line":98,"column":0},"end":{"line":107,"column":1}},"loc":{"start":{"line":98,"column":0},"end":{"line":107,"column":1}},"line":98}},"f":{"0":1287,"1":883,"2":737,"3":737}}
}
